<?xml version="1.0" encoding="UTF-8"?>
<!-- Generated by org.testng.reporters.JUnitReportReporter -->
<testsuite hostname="Vanithaa" failures="0" tests="4" name="org.sample.TestNGPractice" time="54.205" errors="0" timestamp="07 Apr 2021 11:47:40 GMT" skipped="0">
  <testcase classname="org.sample.TestNGPractice" name="travelPlan" time="17.516"/>
  <testcase classname="org.sample.TestNGPractice" name="travelPlan" time="14.187"/>
  <testcase classname="org.sample.TestNGPractice" name="travelPlan" time="10.681"/>
  <testcase classname="org.sample.TestNGPractice" name="travelPlan" time="11.821"/>
</testsuite> <!-- org.sample.TestNGPractice -->
