<?xml version="1.0" encoding="UTF-8"?>
<!-- Generated by org.testng.reporters.JUnitReportReporter -->
<testsuite hostname="Vanithaa" failures="0" tests="466" name="org.sample.RerunAndExtentReport" time="19.174" errors="0" timestamp="11 Apr 2021 08:42:12 GMT" skipped="460">
  <testcase classname="org.sample.RerunAndExtentReport" name="tc4" time="0.008">
    <skipped/>
  </testcase> <!-- tc4 -->
  <testcase classname="org.sample.RerunAndExtentReport" name="tc0" time="4.912"/>
  <testcase classname="org.sample.RerunAndExtentReport" name="tc2" time="1.086"/>
  <testcase classname="org.sample.RerunAndExtentReport" name="tc4" time="0.011">
    <skipped/>
  </testcase> <!-- tc4 -->
  <testcase classname="org.sample.RerunAndExtentReport" name="tc4" time="0.009">
    <skipped/>
  </testcase> <!-- tc4 -->
  <testcase classname="org.sample.RerunAndExtentReport" name="tc4" time="0.011">
    <skipped/>
  </testcase> <!-- tc4 -->
  <testcase classname="org.sample.RerunAndExtentReport" name="tc4" time="0.009">
    <skipped/>
  </testcase> <!-- tc4 -->
  <testcase classname="org.sample.RerunAndExtentReport" name="tc4" time="0.011">
    <skipped/>
  </testcase> <!-- tc4 -->
  <testcase classname="org.sample.RerunAndExtentReport" name="tc4" time="0.013">
    <skipped/>
  </testcase> <!-- tc4 -->
  <testcase classname="org.sample.RerunAndExtentReport" name="tc4" time="0.011">
    <skipped/>
  </testcase> <!-- tc4 -->
  <testcase classname="org.sample.RerunAndExtentReport" name="tc4" time="0.009">
    <skipped/>
  </testcase> <!-- tc4 -->
  <testcase classname="org.sample.RerunAndExtentReport" name="tc4" time="0.011">
    <skipped/>
  </testcase> <!-- tc4 -->
  <testcase classname="org.sample.RerunAndExtentReport" name="tc4" time="0.010">
    <skipped/>
  </testcase> <!-- tc4 -->
  <testcase classname="org.sample.RerunAndExtentReport" name="tc4" time="0.009">
    <skipped/>
  </testcase> <!-- tc4 -->
  <testcase classname="org.sample.RerunAndExtentReport" name="tc4" time="0.009">
    <skipped/>
  </testcase> <!-- tc4 -->
  <testcase classname="org.sample.RerunAndExtentReport" name="tc4" time="0.009">
    <skipped/>
  </testcase> <!-- tc4 -->
  <testcase classname="org.sample.RerunAndExtentReport" name="tc4" time="0.009">
    <skipped/>
  </testcase> <!-- tc4 -->
  <testcase classname="org.sample.RerunAndExtentReport" name="tc4" time="0.012">
    <skipped/>
  </testcase> <!-- tc4 -->
  <testcase classname="org.sample.RerunAndExtentReport" name="tc4" time="0.010">
    <skipped/>
  </testcase> <!-- tc4 -->
  <testcase classname="org.sample.RerunAndExtentReport" name="tc4" time="0.008">
    <skipped/>
  </testcase> <!-- tc4 -->
  <testcase classname="org.sample.RerunAndExtentReport" name="tc4" time="0.009">
    <skipped/>
  </testcase> <!-- tc4 -->
  <testcase classname="org.sample.RerunAndExtentReport" name="tc4" time="0.009">
    <skipped/>
  </testcase> <!-- tc4 -->
  <testcase classname="org.sample.RerunAndExtentReport" name="tc4" time="0.010">
    <skipped/>
  </testcase> <!-- tc4 -->
  <testcase classname="org.sample.RerunAndExtentReport" name="tc4" time="0.008">
    <skipped/>
  </testcase> <!-- tc4 -->
  <testcase classname="org.sample.RerunAndExtentReport" name="tc4" time="0.012">
    <skipped/>
  </testcase> <!-- tc4 -->
  <testcase classname="org.sample.RerunAndExtentReport" name="tc4" time="0.012">
    <skipped/>
  </testcase> <!-- tc4 -->
  <testcase classname="org.sample.RerunAndExtentReport" name="tc4" time="0.009">
    <skipped/>
  </testcase> <!-- tc4 -->
  <testcase classname="org.sample.RerunAndExtentReport" name="tc4" time="0.008">
    <skipped/>
  </testcase> <!-- tc4 -->
  <testcase classname="org.sample.RerunAndExtentReport" name="tc4" time="0.015">
    <skipped/>
  </testcase> <!-- tc4 -->
  <testcase classname="org.sample.RerunAndExtentReport" name="tc4" time="0.008">
    <skipped/>
  </testcase> <!-- tc4 -->
  <testcase classname="org.sample.RerunAndExtentReport" name="tc4" time="0.010">
    <skipped/>
  </testcase> <!-- tc4 -->
  <testcase classname="org.sample.RerunAndExtentReport" name="tc4" time="0.008">
    <skipped/>
  </testcase> <!-- tc4 -->
  <testcase classname="org.sample.RerunAndExtentReport" name="tc4" time="0.009">
    <skipped/>
  </testcase> <!-- tc4 -->
  <testcase classname="org.sample.RerunAndExtentReport" name="tc4" time="0.010">
    <skipped/>
  </testcase> <!-- tc4 -->
  <testcase classname="org.sample.RerunAndExtentReport" name="tc4" time="0.008">
    <skipped/>
  </testcase> <!-- tc4 -->
  <testcase classname="org.sample.RerunAndExtentReport" name="tc4" time="0.010">
    <skipped/>
  </testcase> <!-- tc4 -->
  <testcase classname="org.sample.RerunAndExtentReport" name="tc4" time="0.009">
    <skipped/>
  </testcase> <!-- tc4 -->
  <testcase classname="org.sample.RerunAndExtentReport" name="tc4" time="0.010">
    <skipped/>
  </testcase> <!-- tc4 -->
  <testcase classname="org.sample.RerunAndExtentReport" name="tc4" time="0.011">
    <skipped/>
  </testcase> <!-- tc4 -->
  <testcase classname="org.sample.RerunAndExtentReport" name="tc4" time="0.009">
    <skipped/>
  </testcase> <!-- tc4 -->
  <testcase classname="org.sample.RerunAndExtentReport" name="tc4" time="0.009">
    <skipped/>
  </testcase> <!-- tc4 -->
  <testcase classname="org.sample.RerunAndExtentReport" name="tc4" time="0.009">
    <skipped/>
  </testcase> <!-- tc4 -->
  <testcase classname="org.sample.RerunAndExtentReport" name="tc4" time="0.010">
    <skipped/>
  </testcase> <!-- tc4 -->
  <testcase classname="org.sample.RerunAndExtentReport" name="tc4" time="0.009">
    <skipped/>
  </testcase> <!-- tc4 -->
  <testcase classname="org.sample.RerunAndExtentReport" name="tc4" time="0.008">
    <skipped/>
  </testcase> <!-- tc4 -->
  <testcase classname="org.sample.RerunAndExtentReport" name="tc4" time="0.009">
    <skipped/>
  </testcase> <!-- tc4 -->
  <testcase classname="org.sample.RerunAndExtentReport" name="tc4" time="0.009">
    <skipped/>
  </testcase> <!-- tc4 -->
  <testcase classname="org.sample.RerunAndExtentReport" name="tc4" time="0.011">
    <skipped/>
  </testcase> <!-- tc4 -->
  <testcase classname="org.sample.RerunAndExtentReport" name="tc4" time="0.010">
    <skipped/>
  </testcase> <!-- tc4 -->
  <testcase classname="org.sample.RerunAndExtentReport" name="tc4" time="0.009">
    <skipped/>
  </testcase> <!-- tc4 -->
  <testcase classname="org.sample.RerunAndExtentReport" name="tc4" time="0.008">
    <skipped/>
  </testcase> <!-- tc4 -->
  <testcase classname="org.sample.RerunAndExtentReport" name="tc4" time="0.009">
    <skipped/>
  </testcase> <!-- tc4 -->
  <testcase classname="org.sample.RerunAndExtentReport" name="tc4" time="0.008">
    <skipped/>
  </testcase> <!-- tc4 -->
  <testcase classname="org.sample.RerunAndExtentReport" name="tc4" time="0.011">
    <skipped/>
  </testcase> <!-- tc4 -->
  <testcase classname="org.sample.RerunAndExtentReport" name="tc4" time="0.009">
    <skipped/>
  </testcase> <!-- tc4 -->
  <testcase classname="org.sample.RerunAndExtentReport" name="tc4" time="0.009">
    <skipped/>
  </testcase> <!-- tc4 -->
  <testcase classname="org.sample.RerunAndExtentReport" name="tc4" time="0.009">
    <skipped/>
  </testcase> <!-- tc4 -->
  <testcase classname="org.sample.RerunAndExtentReport" name="tc4" time="0.011">
    <skipped/>
  </testcase> <!-- tc4 -->
  <testcase classname="org.sample.RerunAndExtentReport" name="tc4" time="0.009">
    <skipped/>
  </testcase> <!-- tc4 -->
  <testcase classname="org.sample.RerunAndExtentReport" name="tc4" time="0.009">
    <skipped/>
  </testcase> <!-- tc4 -->
  <testcase classname="org.sample.RerunAndExtentReport" name="tc4" time="0.008">
    <skipped/>
  </testcase> <!-- tc4 -->
  <testcase classname="org.sample.RerunAndExtentReport" name="tc4" time="0.010">
    <skipped/>
  </testcase> <!-- tc4 -->
  <testcase classname="org.sample.RerunAndExtentReport" name="tc4" time="0.010">
    <skipped/>
  </testcase> <!-- tc4 -->
  <testcase classname="org.sample.RerunAndExtentReport" name="tc4" time="0.009">
    <skipped/>
  </testcase> <!-- tc4 -->
  <testcase classname="org.sample.RerunAndExtentReport" name="tc4" time="0.010">
    <skipped/>
  </testcase> <!-- tc4 -->
  <testcase classname="org.sample.RerunAndExtentReport" name="tc4" time="0.009">
    <skipped/>
  </testcase> <!-- tc4 -->
  <testcase classname="org.sample.RerunAndExtentReport" name="tc4" time="0.010">
    <skipped/>
  </testcase> <!-- tc4 -->
  <testcase classname="org.sample.RerunAndExtentReport" name="tc4" time="0.012">
    <skipped/>
  </testcase> <!-- tc4 -->
  <testcase classname="org.sample.RerunAndExtentReport" name="tc4" time="0.010">
    <skipped/>
  </testcase> <!-- tc4 -->
  <testcase classname="org.sample.RerunAndExtentReport" name="tc4" time="0.012">
    <skipped/>
  </testcase> <!-- tc4 -->
  <testcase classname="org.sample.RerunAndExtentReport" name="tc4" time="0.010">
    <skipped/>
  </testcase> <!-- tc4 -->
  <testcase classname="org.sample.RerunAndExtentReport" name="tc4" time="0.011">
    <skipped/>
  </testcase> <!-- tc4 -->
  <testcase classname="org.sample.RerunAndExtentReport" name="tc4" time="0.009">
    <skipped/>
  </testcase> <!-- tc4 -->
  <testcase classname="org.sample.RerunAndExtentReport" name="tc4" time="0.010">
    <skipped/>
  </testcase> <!-- tc4 -->
  <testcase classname="org.sample.RerunAndExtentReport" name="tc4" time="0.009">
    <skipped/>
  </testcase> <!-- tc4 -->
  <testcase classname="org.sample.RerunAndExtentReport" name="tc4" time="0.009">
    <skipped/>
  </testcase> <!-- tc4 -->
  <testcase classname="org.sample.RerunAndExtentReport" name="tc4" time="0.010">
    <skipped/>
  </testcase> <!-- tc4 -->
  <testcase classname="org.sample.RerunAndExtentReport" name="tc4" time="0.014">
    <skipped/>
  </testcase> <!-- tc4 -->
  <testcase classname="org.sample.RerunAndExtentReport" name="tc4" time="0.011">
    <skipped/>
  </testcase> <!-- tc4 -->
  <testcase classname="org.sample.RerunAndExtentReport" name="tc4" time="0.009">
    <skipped/>
  </testcase> <!-- tc4 -->
  <testcase classname="org.sample.RerunAndExtentReport" name="tc4" time="0.010">
    <skipped/>
  </testcase> <!-- tc4 -->
  <testcase classname="org.sample.RerunAndExtentReport" name="tc4" time="0.012">
    <skipped/>
  </testcase> <!-- tc4 -->
  <testcase classname="org.sample.RerunAndExtentReport" name="tc4" time="0.011">
    <skipped/>
  </testcase> <!-- tc4 -->
  <testcase classname="org.sample.RerunAndExtentReport" name="tc4" time="0.009">
    <skipped/>
  </testcase> <!-- tc4 -->
  <testcase classname="org.sample.RerunAndExtentReport" name="tc4" time="0.009">
    <skipped/>
  </testcase> <!-- tc4 -->
  <testcase classname="org.sample.RerunAndExtentReport" name="tc4" time="0.010">
    <skipped/>
  </testcase> <!-- tc4 -->
  <testcase classname="org.sample.RerunAndExtentReport" name="tc4" time="0.009">
    <skipped/>
  </testcase> <!-- tc4 -->
  <testcase classname="org.sample.RerunAndExtentReport" name="tc4" time="0.010">
    <skipped/>
  </testcase> <!-- tc4 -->
  <testcase classname="org.sample.RerunAndExtentReport" name="tc4" time="0.009">
    <skipped/>
  </testcase> <!-- tc4 -->
  <testcase classname="org.sample.RerunAndExtentReport" name="tc4" time="0.008">
    <skipped/>
  </testcase> <!-- tc4 -->
  <testcase classname="org.sample.RerunAndExtentReport" name="tc4" time="0.009">
    <skipped/>
  </testcase> <!-- tc4 -->
  <testcase classname="org.sample.RerunAndExtentReport" name="tc4" time="0.008">
    <skipped/>
  </testcase> <!-- tc4 -->
  <testcase classname="org.sample.RerunAndExtentReport" name="tc4" time="0.009">
    <skipped/>
  </testcase> <!-- tc4 -->
  <testcase classname="org.sample.RerunAndExtentReport" name="tc4" time="0.010">
    <skipped/>
  </testcase> <!-- tc4 -->
  <testcase classname="org.sample.RerunAndExtentReport" name="tc4" time="0.009">
    <skipped/>
  </testcase> <!-- tc4 -->
  <testcase classname="org.sample.RerunAndExtentReport" name="tc4" time="0.011">
    <skipped/>
  </testcase> <!-- tc4 -->
  <testcase classname="org.sample.RerunAndExtentReport" name="tc4" time="0.008">
    <skipped/>
  </testcase> <!-- tc4 -->
  <testcase classname="org.sample.RerunAndExtentReport" name="tc4" time="0.008">
    <skipped/>
  </testcase> <!-- tc4 -->
  <testcase classname="org.sample.RerunAndExtentReport" name="tc4" time="0.016">
    <skipped/>
  </testcase> <!-- tc4 -->
  <testcase classname="org.sample.RerunAndExtentReport" name="tc4" time="0.009">
    <skipped/>
  </testcase> <!-- tc4 -->
  <testcase classname="org.sample.RerunAndExtentReport" name="tc4" time="0.009">
    <skipped/>
  </testcase> <!-- tc4 -->
  <testcase classname="org.sample.RerunAndExtentReport" name="tc4" time="0.009">
    <skipped/>
  </testcase> <!-- tc4 -->
  <testcase classname="org.sample.RerunAndExtentReport" name="tc4" time="0.013">
    <skipped/>
  </testcase> <!-- tc4 -->
  <testcase classname="org.sample.RerunAndExtentReport" name="tc4" time="0.009">
    <skipped/>
  </testcase> <!-- tc4 -->
  <testcase classname="org.sample.RerunAndExtentReport" name="tc4" time="0.014">
    <skipped/>
  </testcase> <!-- tc4 -->
  <testcase classname="org.sample.RerunAndExtentReport" name="tc4" time="0.011">
    <skipped/>
  </testcase> <!-- tc4 -->
  <testcase classname="org.sample.RerunAndExtentReport" name="tc4" time="0.009">
    <skipped/>
  </testcase> <!-- tc4 -->
  <testcase classname="org.sample.RerunAndExtentReport" name="tc4" time="0.012">
    <skipped/>
  </testcase> <!-- tc4 -->
  <testcase classname="org.sample.RerunAndExtentReport" name="tc4" time="0.009">
    <skipped/>
  </testcase> <!-- tc4 -->
  <testcase classname="org.sample.RerunAndExtentReport" name="tc4" time="0.010">
    <skipped/>
  </testcase> <!-- tc4 -->
  <testcase classname="org.sample.RerunAndExtentReport" name="tc4" time="0.011">
    <skipped/>
  </testcase> <!-- tc4 -->
  <testcase classname="org.sample.RerunAndExtentReport" name="tc4" time="0.012">
    <skipped/>
  </testcase> <!-- tc4 -->
  <testcase classname="org.sample.RerunAndExtentReport" name="tc4" time="0.009">
    <skipped/>
  </testcase> <!-- tc4 -->
  <testcase classname="org.sample.RerunAndExtentReport" name="tc4" time="0.009">
    <skipped/>
  </testcase> <!-- tc4 -->
  <testcase classname="org.sample.RerunAndExtentReport" name="tc4" time="0.009">
    <skipped/>
  </testcase> <!-- tc4 -->
  <testcase classname="org.sample.RerunAndExtentReport" name="tc4" time="0.010">
    <skipped/>
  </testcase> <!-- tc4 -->
  <testcase classname="org.sample.RerunAndExtentReport" name="tc4" time="0.011">
    <skipped/>
  </testcase> <!-- tc4 -->
  <testcase classname="org.sample.RerunAndExtentReport" name="tc4" time="0.009">
    <skipped/>
  </testcase> <!-- tc4 -->
  <testcase classname="org.sample.RerunAndExtentReport" name="tc4" time="0.012">
    <skipped/>
  </testcase> <!-- tc4 -->
  <testcase classname="org.sample.RerunAndExtentReport" name="tc4" time="0.009">
    <skipped/>
  </testcase> <!-- tc4 -->
  <testcase classname="org.sample.RerunAndExtentReport" name="tc4" time="0.009">
    <skipped/>
  </testcase> <!-- tc4 -->
  <testcase classname="org.sample.RerunAndExtentReport" name="tc4" time="0.009">
    <skipped/>
  </testcase> <!-- tc4 -->
  <testcase classname="org.sample.RerunAndExtentReport" name="tc4" time="0.009">
    <skipped/>
  </testcase> <!-- tc4 -->
  <testcase classname="org.sample.RerunAndExtentReport" name="tc4" time="0.009">
    <skipped/>
  </testcase> <!-- tc4 -->
  <testcase classname="org.sample.RerunAndExtentReport" name="tc4" time="0.009">
    <skipped/>
  </testcase> <!-- tc4 -->
  <testcase classname="org.sample.RerunAndExtentReport" name="tc4" time="0.008">
    <skipped/>
  </testcase> <!-- tc4 -->
  <testcase classname="org.sample.RerunAndExtentReport" name="tc4" time="0.010">
    <skipped/>
  </testcase> <!-- tc4 -->
  <testcase classname="org.sample.RerunAndExtentReport" name="tc4" time="0.009">
    <skipped/>
  </testcase> <!-- tc4 -->
  <testcase classname="org.sample.RerunAndExtentReport" name="tc4" time="0.009">
    <skipped/>
  </testcase> <!-- tc4 -->
  <testcase classname="org.sample.RerunAndExtentReport" name="tc4" time="0.008">
    <skipped/>
  </testcase> <!-- tc4 -->
  <testcase classname="org.sample.RerunAndExtentReport" name="tc4" time="0.009">
    <skipped/>
  </testcase> <!-- tc4 -->
  <testcase classname="org.sample.RerunAndExtentReport" name="tc4" time="0.010">
    <skipped/>
  </testcase> <!-- tc4 -->
  <testcase classname="org.sample.RerunAndExtentReport" name="tc4" time="0.009">
    <skipped/>
  </testcase> <!-- tc4 -->
  <testcase classname="org.sample.RerunAndExtentReport" name="tc4" time="0.010">
    <skipped/>
  </testcase> <!-- tc4 -->
  <testcase classname="org.sample.RerunAndExtentReport" name="tc4" time="0.008">
    <skipped/>
  </testcase> <!-- tc4 -->
  <testcase classname="org.sample.RerunAndExtentReport" name="tc4" time="0.010">
    <skipped/>
  </testcase> <!-- tc4 -->
  <testcase classname="org.sample.RerunAndExtentReport" name="tc4" time="0.010">
    <skipped/>
  </testcase> <!-- tc4 -->
  <testcase classname="org.sample.RerunAndExtentReport" name="tc4" time="0.011">
    <skipped/>
  </testcase> <!-- tc4 -->
  <testcase classname="org.sample.RerunAndExtentReport" name="tc4" time="0.009">
    <skipped/>
  </testcase> <!-- tc4 -->
  <testcase classname="org.sample.RerunAndExtentReport" name="tc4" time="0.015">
    <skipped/>
  </testcase> <!-- tc4 -->
  <testcase classname="org.sample.RerunAndExtentReport" name="tc4" time="0.011">
    <skipped/>
  </testcase> <!-- tc4 -->
  <testcase classname="org.sample.RerunAndExtentReport" name="tc4" time="0.009">
    <skipped/>
  </testcase> <!-- tc4 -->
  <testcase classname="org.sample.RerunAndExtentReport" name="tc4" time="0.009">
    <skipped/>
  </testcase> <!-- tc4 -->
  <testcase classname="org.sample.RerunAndExtentReport" name="tc4" time="0.009">
    <skipped/>
  </testcase> <!-- tc4 -->
  <testcase classname="org.sample.RerunAndExtentReport" name="tc4" time="0.008">
    <skipped/>
  </testcase> <!-- tc4 -->
  <testcase classname="org.sample.RerunAndExtentReport" name="tc4" time="0.008">
    <skipped/>
  </testcase> <!-- tc4 -->
  <testcase classname="org.sample.RerunAndExtentReport" name="tc4" time="0.009">
    <skipped/>
  </testcase> <!-- tc4 -->
  <testcase classname="org.sample.RerunAndExtentReport" name="tc4" time="0.009">
    <skipped/>
  </testcase> <!-- tc4 -->
  <testcase classname="org.sample.RerunAndExtentReport" name="tc4" time="0.009">
    <skipped/>
  </testcase> <!-- tc4 -->
  <testcase classname="org.sample.RerunAndExtentReport" name="tc4" time="0.010">
    <skipped/>
  </testcase> <!-- tc4 -->
  <testcase classname="org.sample.RerunAndExtentReport" name="tc4" time="0.009">
    <skipped/>
  </testcase> <!-- tc4 -->
  <testcase classname="org.sample.RerunAndExtentReport" name="tc4" time="0.009">
    <skipped/>
  </testcase> <!-- tc4 -->
  <testcase classname="org.sample.RerunAndExtentReport" name="tc4" time="0.009">
    <skipped/>
  </testcase> <!-- tc4 -->
  <testcase classname="org.sample.RerunAndExtentReport" name="tc4" time="0.010">
    <skipped/>
  </testcase> <!-- tc4 -->
  <testcase classname="org.sample.RerunAndExtentReport" name="tc4" time="0.009">
    <skipped/>
  </testcase> <!-- tc4 -->
  <testcase classname="org.sample.RerunAndExtentReport" name="tc4" time="0.011">
    <skipped/>
  </testcase> <!-- tc4 -->
  <testcase classname="org.sample.RerunAndExtentReport" name="tc4" time="0.012">
    <skipped/>
  </testcase> <!-- tc4 -->
  <testcase classname="org.sample.RerunAndExtentReport" name="tc4" time="0.009">
    <skipped/>
  </testcase> <!-- tc4 -->
  <testcase classname="org.sample.RerunAndExtentReport" name="tc4" time="0.009">
    <skipped/>
  </testcase> <!-- tc4 -->
  <testcase classname="org.sample.RerunAndExtentReport" name="tc4" time="0.009">
    <skipped/>
  </testcase> <!-- tc4 -->
  <testcase classname="org.sample.RerunAndExtentReport" name="tc4" time="0.010">
    <skipped/>
  </testcase> <!-- tc4 -->
  <testcase classname="org.sample.RerunAndExtentReport" name="tc4" time="0.008">
    <skipped/>
  </testcase> <!-- tc4 -->
  <testcase classname="org.sample.RerunAndExtentReport" name="tc4" time="0.009">
    <skipped/>
  </testcase> <!-- tc4 -->
  <testcase classname="org.sample.RerunAndExtentReport" name="tc4" time="0.010">
    <skipped/>
  </testcase> <!-- tc4 -->
  <testcase classname="org.sample.RerunAndExtentReport" name="tc4" time="0.011">
    <skipped/>
  </testcase> <!-- tc4 -->
  <testcase classname="org.sample.RerunAndExtentReport" name="tc4" time="0.012">
    <skipped/>
  </testcase> <!-- tc4 -->
  <testcase classname="org.sample.RerunAndExtentReport" name="tc4" time="0.011">
    <skipped/>
  </testcase> <!-- tc4 -->
  <testcase classname="org.sample.RerunAndExtentReport" name="tc4" time="0.013">
    <skipped/>
  </testcase> <!-- tc4 -->
  <testcase classname="org.sample.RerunAndExtentReport" name="tc4" time="0.009">
    <skipped/>
  </testcase> <!-- tc4 -->
  <testcase classname="org.sample.RerunAndExtentReport" name="tc4" time="0.009">
    <skipped/>
  </testcase> <!-- tc4 -->
  <testcase classname="org.sample.RerunAndExtentReport" name="tc4" time="0.010">
    <skipped/>
  </testcase> <!-- tc4 -->
  <testcase classname="org.sample.RerunAndExtentReport" name="tc4" time="0.009">
    <skipped/>
  </testcase> <!-- tc4 -->
  <testcase classname="org.sample.RerunAndExtentReport" name="tc4" time="0.009">
    <skipped/>
  </testcase> <!-- tc4 -->
  <testcase classname="org.sample.RerunAndExtentReport" name="tc4" time="0.008">
    <skipped/>
  </testcase> <!-- tc4 -->
  <testcase classname="org.sample.RerunAndExtentReport" name="tc4" time="0.010">
    <skipped/>
  </testcase> <!-- tc4 -->
  <testcase classname="org.sample.RerunAndExtentReport" name="tc4" time="0.012">
    <skipped/>
  </testcase> <!-- tc4 -->
  <testcase classname="org.sample.RerunAndExtentReport" name="tc4" time="0.010">
    <skipped/>
  </testcase> <!-- tc4 -->
  <testcase classname="org.sample.RerunAndExtentReport" name="tc4" time="0.008">
    <skipped/>
  </testcase> <!-- tc4 -->
  <testcase classname="org.sample.RerunAndExtentReport" name="tc4" time="0.009">
    <skipped/>
  </testcase> <!-- tc4 -->
  <testcase classname="org.sample.RerunAndExtentReport" name="tc4" time="0.008">
    <skipped/>
  </testcase> <!-- tc4 -->
  <testcase classname="org.sample.RerunAndExtentReport" name="tc4" time="0.009">
    <skipped/>
  </testcase> <!-- tc4 -->
  <testcase classname="org.sample.RerunAndExtentReport" name="tc4" time="0.009">
    <skipped/>
  </testcase> <!-- tc4 -->
  <testcase classname="org.sample.RerunAndExtentReport" name="tc4" time="0.009">
    <skipped/>
  </testcase> <!-- tc4 -->
  <testcase classname="org.sample.RerunAndExtentReport" name="tc4" time="0.011">
    <skipped/>
  </testcase> <!-- tc4 -->
  <testcase classname="org.sample.RerunAndExtentReport" name="tc4" time="0.009">
    <skipped/>
  </testcase> <!-- tc4 -->
  <testcase classname="org.sample.RerunAndExtentReport" name="tc4" time="0.010">
    <skipped/>
  </testcase> <!-- tc4 -->
  <testcase classname="org.sample.RerunAndExtentReport" name="tc4" time="0.009">
    <skipped/>
  </testcase> <!-- tc4 -->
  <testcase classname="org.sample.RerunAndExtentReport" name="tc4" time="0.009">
    <skipped/>
  </testcase> <!-- tc4 -->
  <testcase classname="org.sample.RerunAndExtentReport" name="tc4" time="0.010">
    <skipped/>
  </testcase> <!-- tc4 -->
  <testcase classname="org.sample.RerunAndExtentReport" name="tc4" time="0.009">
    <skipped/>
  </testcase> <!-- tc4 -->
  <testcase classname="org.sample.RerunAndExtentReport" name="tc4" time="0.013">
    <skipped/>
  </testcase> <!-- tc4 -->
  <testcase classname="org.sample.RerunAndExtentReport" name="tc4" time="0.011">
    <skipped/>
  </testcase> <!-- tc4 -->
  <testcase classname="org.sample.RerunAndExtentReport" name="tc4" time="0.008">
    <skipped/>
  </testcase> <!-- tc4 -->
  <testcase classname="org.sample.RerunAndExtentReport" name="tc4" time="0.012">
    <skipped/>
  </testcase> <!-- tc4 -->
  <testcase classname="org.sample.RerunAndExtentReport" name="tc4" time="0.012">
    <skipped/>
  </testcase> <!-- tc4 -->
  <testcase classname="org.sample.RerunAndExtentReport" name="tc4" time="0.009">
    <skipped/>
  </testcase> <!-- tc4 -->
  <testcase classname="org.sample.RerunAndExtentReport" name="tc4" time="0.009">
    <skipped/>
  </testcase> <!-- tc4 -->
  <testcase classname="org.sample.RerunAndExtentReport" name="tc4" time="0.010">
    <skipped/>
  </testcase> <!-- tc4 -->
  <testcase classname="org.sample.RerunAndExtentReport" name="tc4" time="0.009">
    <skipped/>
  </testcase> <!-- tc4 -->
  <testcase classname="org.sample.RerunAndExtentReport" name="tc4" time="0.008">
    <skipped/>
  </testcase> <!-- tc4 -->
  <testcase classname="org.sample.RerunAndExtentReport" name="tc4" time="0.009">
    <skipped/>
  </testcase> <!-- tc4 -->
  <testcase classname="org.sample.RerunAndExtentReport" name="tc" time="3.706"/>
  <testcase classname="org.sample.RerunAndExtentReport" name="tc4" time="0.009">
    <skipped/>
  </testcase> <!-- tc4 -->
  <testcase classname="org.sample.RerunAndExtentReport" name="tc4" time="0.011">
    <skipped/>
  </testcase> <!-- tc4 -->
  <testcase classname="org.sample.RerunAndExtentReport" name="tc4" time="0.008">
    <skipped/>
  </testcase> <!-- tc4 -->
  <testcase classname="org.sample.RerunAndExtentReport" name="tc4" time="0.010">
    <skipped/>
  </testcase> <!-- tc4 -->
  <testcase classname="org.sample.RerunAndExtentReport" name="tc4" time="0.010">
    <skipped/>
  </testcase> <!-- tc4 -->
  <testcase classname="org.sample.RerunAndExtentReport" name="tc4" time="0.008">
    <skipped/>
  </testcase> <!-- tc4 -->
  <testcase classname="org.sample.RerunAndExtentReport" name="tc4" time="0.009">
    <skipped/>
  </testcase> <!-- tc4 -->
  <testcase classname="org.sample.RerunAndExtentReport" name="tc4" time="0.010">
    <skipped/>
  </testcase> <!-- tc4 -->
  <testcase classname="org.sample.RerunAndExtentReport" name="tc4" time="0.010">
    <skipped/>
  </testcase> <!-- tc4 -->
  <testcase classname="org.sample.RerunAndExtentReport" name="tc4" time="0.010">
    <skipped/>
  </testcase> <!-- tc4 -->
  <testcase classname="org.sample.RerunAndExtentReport" name="tc4" time="0.011">
    <skipped/>
  </testcase> <!-- tc4 -->
  <testcase classname="org.sample.RerunAndExtentReport" name="tc4" time="0.009">
    <skipped/>
  </testcase> <!-- tc4 -->
  <testcase classname="org.sample.RerunAndExtentReport" name="tc4" time="0.008">
    <skipped/>
  </testcase> <!-- tc4 -->
  <testcase classname="org.sample.RerunAndExtentReport" name="tc4" time="0.011">
    <skipped/>
  </testcase> <!-- tc4 -->
  <testcase classname="org.sample.RerunAndExtentReport" name="tc4" time="0.008">
    <skipped/>
  </testcase> <!-- tc4 -->
  <testcase classname="org.sample.RerunAndExtentReport" name="tc4" time="0.008">
    <skipped/>
  </testcase> <!-- tc4 -->
  <testcase classname="org.sample.RerunAndExtentReport" name="tc4" time="0.012">
    <skipped/>
  </testcase> <!-- tc4 -->
  <testcase classname="org.sample.RerunAndExtentReport" name="tc4" time="0.009">
    <skipped/>
  </testcase> <!-- tc4 -->
  <testcase classname="org.sample.RerunAndExtentReport" name="tc4" time="0.011">
    <skipped/>
  </testcase> <!-- tc4 -->
  <testcase classname="org.sample.RerunAndExtentReport" name="tc4" time="0.008">
    <skipped/>
  </testcase> <!-- tc4 -->
  <testcase classname="org.sample.RerunAndExtentReport" name="tc4" time="0.010">
    <skipped/>
  </testcase> <!-- tc4 -->
  <testcase classname="org.sample.RerunAndExtentReport" name="tc4" time="0.009">
    <skipped/>
  </testcase> <!-- tc4 -->
  <testcase classname="org.sample.RerunAndExtentReport" name="tc4" time="0.010">
    <skipped/>
  </testcase> <!-- tc4 -->
  <testcase classname="org.sample.RerunAndExtentReport" name="tc4" time="0.009">
    <skipped/>
  </testcase> <!-- tc4 -->
  <testcase classname="org.sample.RerunAndExtentReport" name="tc4" time="0.013">
    <skipped/>
  </testcase> <!-- tc4 -->
  <testcase classname="org.sample.RerunAndExtentReport" name="tc4" time="0.031">
    <skipped/>
  </testcase> <!-- tc4 -->
  <testcase classname="org.sample.RerunAndExtentReport" name="tc4" time="0.012">
    <skipped/>
  </testcase> <!-- tc4 -->
  <testcase classname="org.sample.RerunAndExtentReport" name="tc4" time="0.009">
    <skipped/>
  </testcase> <!-- tc4 -->
  <testcase classname="org.sample.RerunAndExtentReport" name="tc4" time="0.009">
    <skipped/>
  </testcase> <!-- tc4 -->
  <testcase classname="org.sample.RerunAndExtentReport" name="tc4" time="0.009">
    <skipped/>
  </testcase> <!-- tc4 -->
  <testcase classname="org.sample.RerunAndExtentReport" name="tc4" time="0.009">
    <skipped/>
  </testcase> <!-- tc4 -->
  <testcase classname="org.sample.RerunAndExtentReport" name="tc4" time="0.010">
    <skipped/>
  </testcase> <!-- tc4 -->
  <testcase classname="org.sample.RerunAndExtentReport" name="tc4" time="0.009">
    <skipped/>
  </testcase> <!-- tc4 -->
  <testcase classname="org.sample.RerunAndExtentReport" name="tc4" time="0.009">
    <skipped/>
  </testcase> <!-- tc4 -->
  <testcase classname="org.sample.RerunAndExtentReport" name="tc4" time="0.010">
    <skipped/>
  </testcase> <!-- tc4 -->
  <testcase classname="org.sample.RerunAndExtentReport" name="tc4" time="0.008">
    <skipped/>
  </testcase> <!-- tc4 -->
  <testcase classname="org.sample.RerunAndExtentReport" name="tc4" time="0.013">
    <skipped/>
  </testcase> <!-- tc4 -->
  <testcase classname="org.sample.RerunAndExtentReport" name="tc4" time="0.009">
    <skipped/>
  </testcase> <!-- tc4 -->
  <testcase classname="org.sample.RerunAndExtentReport" name="tc4" time="0.008">
    <skipped/>
  </testcase> <!-- tc4 -->
  <testcase classname="org.sample.RerunAndExtentReport" name="tc4" time="0.008">
    <skipped/>
  </testcase> <!-- tc4 -->
  <testcase classname="org.sample.RerunAndExtentReport" name="tc4" time="0.008">
    <skipped/>
  </testcase> <!-- tc4 -->
  <testcase classname="org.sample.RerunAndExtentReport" name="tc4" time="0.008">
    <skipped/>
  </testcase> <!-- tc4 -->
  <testcase classname="org.sample.RerunAndExtentReport" name="tc4" time="0.010">
    <skipped/>
  </testcase> <!-- tc4 -->
  <testcase classname="org.sample.RerunAndExtentReport" name="tc4" time="0.009">
    <skipped/>
  </testcase> <!-- tc4 -->
  <testcase classname="org.sample.RerunAndExtentReport" name="tc4" time="0.010">
    <skipped/>
  </testcase> <!-- tc4 -->
  <testcase classname="org.sample.RerunAndExtentReport" name="tc4" time="0.010">
    <skipped/>
  </testcase> <!-- tc4 -->
  <testcase classname="org.sample.RerunAndExtentReport" name="tc4" time="0.010">
    <skipped/>
  </testcase> <!-- tc4 -->
  <testcase classname="org.sample.RerunAndExtentReport" name="tc4" time="0.011">
    <skipped/>
  </testcase> <!-- tc4 -->
  <testcase classname="org.sample.RerunAndExtentReport" name="tc4" time="0.009">
    <skipped/>
  </testcase> <!-- tc4 -->
  <testcase classname="org.sample.RerunAndExtentReport" name="tc4" time="0.009">
    <skipped/>
  </testcase> <!-- tc4 -->
  <testcase classname="org.sample.RerunAndExtentReport" name="tc4" time="0.010">
    <skipped/>
  </testcase> <!-- tc4 -->
  <testcase classname="org.sample.RerunAndExtentReport" name="tc4" time="0.011">
    <skipped/>
  </testcase> <!-- tc4 -->
  <testcase classname="org.sample.RerunAndExtentReport" name="tc4" time="0.010">
    <skipped/>
  </testcase> <!-- tc4 -->
  <testcase classname="org.sample.RerunAndExtentReport" name="tc4" time="0.012">
    <skipped/>
  </testcase> <!-- tc4 -->
  <testcase classname="org.sample.RerunAndExtentReport" name="tc4" time="0.009">
    <skipped/>
  </testcase> <!-- tc4 -->
  <testcase classname="org.sample.RerunAndExtentReport" name="tc4" time="0.017">
    <skipped/>
  </testcase> <!-- tc4 -->
  <testcase classname="org.sample.RerunAndExtentReport" name="tc4" time="0.009">
    <skipped/>
  </testcase> <!-- tc4 -->
  <testcase classname="org.sample.RerunAndExtentReport" name="tc4" time="0.008">
    <skipped/>
  </testcase> <!-- tc4 -->
  <testcase classname="org.sample.RerunAndExtentReport" name="tc4" time="0.009">
    <skipped/>
  </testcase> <!-- tc4 -->
  <testcase classname="org.sample.RerunAndExtentReport" name="tc4" time="0.010">
    <skipped/>
  </testcase> <!-- tc4 -->
  <testcase classname="org.sample.RerunAndExtentReport" name="tc4" time="0.010">
    <skipped/>
  </testcase> <!-- tc4 -->
  <testcase classname="org.sample.RerunAndExtentReport" name="tc4" time="0.009">
    <skipped/>
  </testcase> <!-- tc4 -->
  <testcase classname="org.sample.RerunAndExtentReport" name="tc4" time="0.013">
    <skipped/>
  </testcase> <!-- tc4 -->
  <testcase classname="org.sample.RerunAndExtentReport" name="tc4" time="0.010">
    <skipped/>
  </testcase> <!-- tc4 -->
  <testcase classname="org.sample.RerunAndExtentReport" name="tc4" time="0.015">
    <skipped/>
  </testcase> <!-- tc4 -->
  <testcase classname="org.sample.RerunAndExtentReport" name="tc4" time="0.009">
    <skipped/>
  </testcase> <!-- tc4 -->
  <testcase classname="org.sample.RerunAndExtentReport" name="tc4" time="0.008">
    <skipped/>
  </testcase> <!-- tc4 -->
  <testcase classname="org.sample.RerunAndExtentReport" name="tc4" time="0.011">
    <skipped/>
  </testcase> <!-- tc4 -->
  <testcase classname="org.sample.RerunAndExtentReport" name="tc4" time="0.009">
    <skipped/>
  </testcase> <!-- tc4 -->
  <testcase classname="org.sample.RerunAndExtentReport" name="tc4" time="0.009">
    <skipped/>
  </testcase> <!-- tc4 -->
  <testcase classname="org.sample.RerunAndExtentReport" name="tc4" time="0.009">
    <skipped/>
  </testcase> <!-- tc4 -->
  <testcase classname="org.sample.RerunAndExtentReport" name="tc4" time="0.008">
    <skipped/>
  </testcase> <!-- tc4 -->
  <testcase classname="org.sample.RerunAndExtentReport" name="tc4" time="0.009">
    <skipped/>
  </testcase> <!-- tc4 -->
  <testcase classname="org.sample.RerunAndExtentReport" name="tc4" time="0.011">
    <skipped/>
  </testcase> <!-- tc4 -->
  <testcase classname="org.sample.RerunAndExtentReport" name="tc4" time="0.009">
    <skipped/>
  </testcase> <!-- tc4 -->
  <testcase classname="org.sample.RerunAndExtentReport" name="tc4" time="0.009">
    <skipped/>
  </testcase> <!-- tc4 -->
  <testcase classname="org.sample.RerunAndExtentReport" name="tc4" time="0.008">
    <skipped/>
  </testcase> <!-- tc4 -->
  <testcase classname="org.sample.RerunAndExtentReport" name="tc4" time="0.009">
    <skipped/>
  </testcase> <!-- tc4 -->
  <testcase classname="org.sample.RerunAndExtentReport" name="tc4" time="0.008">
    <skipped/>
  </testcase> <!-- tc4 -->
  <testcase classname="org.sample.RerunAndExtentReport" name="tc4" time="0.013">
    <skipped/>
  </testcase> <!-- tc4 -->
  <testcase classname="org.sample.RerunAndExtentReport" name="tc4" time="0.010">
    <skipped/>
  </testcase> <!-- tc4 -->
  <testcase classname="org.sample.RerunAndExtentReport" name="tc4" time="0.011">
    <skipped/>
  </testcase> <!-- tc4 -->
  <testcase classname="org.sample.RerunAndExtentReport" name="tc4" time="0.012">
    <skipped/>
  </testcase> <!-- tc4 -->
  <testcase classname="org.sample.RerunAndExtentReport" name="tc4" time="0.010">
    <skipped/>
  </testcase> <!-- tc4 -->
  <testcase classname="org.sample.RerunAndExtentReport" name="tc4" time="0.010">
    <skipped/>
  </testcase> <!-- tc4 -->
  <testcase classname="org.sample.RerunAndExtentReport" name="tc4" time="0.010">
    <skipped/>
  </testcase> <!-- tc4 -->
  <testcase classname="org.sample.RerunAndExtentReport" name="tc4" time="0.008">
    <skipped/>
  </testcase> <!-- tc4 -->
  <testcase classname="org.sample.RerunAndExtentReport" name="tc4" time="0.009">
    <skipped/>
  </testcase> <!-- tc4 -->
  <testcase classname="org.sample.RerunAndExtentReport" name="tc4" time="0.009">
    <skipped/>
  </testcase> <!-- tc4 -->
  <testcase classname="org.sample.RerunAndExtentReport" name="tc4" time="0.011">
    <skipped/>
  </testcase> <!-- tc4 -->
  <testcase classname="org.sample.RerunAndExtentReport" name="tc4" time="0.009">
    <skipped/>
  </testcase> <!-- tc4 -->
  <testcase classname="org.sample.RerunAndExtentReport" name="tc4" time="0.011">
    <skipped/>
  </testcase> <!-- tc4 -->
  <testcase classname="org.sample.RerunAndExtentReport" name="tc4" time="0.010">
    <skipped/>
  </testcase> <!-- tc4 -->
  <testcase classname="org.sample.RerunAndExtentReport" name="tc4" time="0.009">
    <skipped/>
  </testcase> <!-- tc4 -->
  <testcase classname="org.sample.RerunAndExtentReport" name="tc4" time="0.013">
    <skipped/>
  </testcase> <!-- tc4 -->
  <testcase classname="org.sample.RerunAndExtentReport" name="tc4" time="0.009">
    <skipped/>
  </testcase> <!-- tc4 -->
  <testcase classname="org.sample.RerunAndExtentReport" name="tc4" time="0.011">
    <skipped/>
  </testcase> <!-- tc4 -->
  <testcase classname="org.sample.RerunAndExtentReport" name="tc4" time="1.456"/>
  <testcase classname="org.sample.RerunAndExtentReport" name="tc4" time="0.010">
    <skipped/>
  </testcase> <!-- tc4 -->
  <testcase classname="org.sample.RerunAndExtentReport" name="tc4" time="0.010">
    <skipped/>
  </testcase> <!-- tc4 -->
  <testcase classname="org.sample.RerunAndExtentReport" name="tc4" time="0.009">
    <skipped/>
  </testcase> <!-- tc4 -->
  <testcase classname="org.sample.RerunAndExtentReport" name="tc4" time="0.009">
    <skipped/>
  </testcase> <!-- tc4 -->
  <testcase classname="org.sample.RerunAndExtentReport" name="tc4" time="0.012">
    <skipped/>
  </testcase> <!-- tc4 -->
  <testcase classname="org.sample.RerunAndExtentReport" name="tc4" time="0.010">
    <skipped/>
  </testcase> <!-- tc4 -->
  <testcase classname="org.sample.RerunAndExtentReport" name="tc4" time="0.012">
    <skipped/>
  </testcase> <!-- tc4 -->
  <testcase classname="org.sample.RerunAndExtentReport" name="tc4" time="0.009">
    <skipped/>
  </testcase> <!-- tc4 -->
  <testcase classname="org.sample.RerunAndExtentReport" name="tc4" time="0.008">
    <skipped/>
  </testcase> <!-- tc4 -->
  <testcase classname="org.sample.RerunAndExtentReport" name="tc4" time="0.010">
    <skipped/>
  </testcase> <!-- tc4 -->
  <testcase classname="org.sample.RerunAndExtentReport" name="tc4" time="0.009">
    <skipped/>
  </testcase> <!-- tc4 -->
  <testcase classname="org.sample.RerunAndExtentReport" name="tc4" time="0.009">
    <skipped/>
  </testcase> <!-- tc4 -->
  <testcase classname="org.sample.RerunAndExtentReport" name="tc4" time="0.009">
    <skipped/>
  </testcase> <!-- tc4 -->
  <testcase classname="org.sample.RerunAndExtentReport" name="tc4" time="0.010">
    <skipped/>
  </testcase> <!-- tc4 -->
  <testcase classname="org.sample.RerunAndExtentReport" name="tc4" time="0.009">
    <skipped/>
  </testcase> <!-- tc4 -->
  <testcase classname="org.sample.RerunAndExtentReport" name="tc4" time="0.010">
    <skipped/>
  </testcase> <!-- tc4 -->
  <testcase classname="org.sample.RerunAndExtentReport" name="tc4" time="0.009">
    <skipped/>
  </testcase> <!-- tc4 -->
  <testcase classname="org.sample.RerunAndExtentReport" name="tc4" time="0.009">
    <skipped/>
  </testcase> <!-- tc4 -->
  <testcase classname="org.sample.RerunAndExtentReport" name="tc4" time="0.018">
    <skipped/>
  </testcase> <!-- tc4 -->
  <testcase classname="org.sample.RerunAndExtentReport" name="tc4" time="0.009">
    <skipped/>
  </testcase> <!-- tc4 -->
  <testcase classname="org.sample.RerunAndExtentReport" name="tc4" time="0.014">
    <skipped/>
  </testcase> <!-- tc4 -->
  <testcase classname="org.sample.RerunAndExtentReport" name="tc4" time="0.009">
    <skipped/>
  </testcase> <!-- tc4 -->
  <testcase classname="org.sample.RerunAndExtentReport" name="tc4" time="0.010">
    <skipped/>
  </testcase> <!-- tc4 -->
  <testcase classname="org.sample.RerunAndExtentReport" name="tc4" time="0.008">
    <skipped/>
  </testcase> <!-- tc4 -->
  <testcase classname="org.sample.RerunAndExtentReport" name="tc4" time="0.010">
    <skipped/>
  </testcase> <!-- tc4 -->
  <testcase classname="org.sample.RerunAndExtentReport" name="tc4" time="0.008">
    <skipped/>
  </testcase> <!-- tc4 -->
  <testcase classname="org.sample.RerunAndExtentReport" name="tc4" time="0.009">
    <skipped/>
  </testcase> <!-- tc4 -->
  <testcase classname="org.sample.RerunAndExtentReport" name="tc4" time="0.008">
    <skipped/>
  </testcase> <!-- tc4 -->
  <testcase classname="org.sample.RerunAndExtentReport" name="tc4" time="0.009">
    <skipped/>
  </testcase> <!-- tc4 -->
  <testcase classname="org.sample.RerunAndExtentReport" name="tc4" time="0.009">
    <skipped/>
  </testcase> <!-- tc4 -->
  <testcase classname="org.sample.RerunAndExtentReport" name="tc4" time="0.009">
    <skipped/>
  </testcase> <!-- tc4 -->
  <testcase classname="org.sample.RerunAndExtentReport" name="tc4" time="0.009">
    <skipped/>
  </testcase> <!-- tc4 -->
  <testcase classname="org.sample.RerunAndExtentReport" name="tc4" time="0.008">
    <skipped/>
  </testcase> <!-- tc4 -->
  <testcase classname="org.sample.RerunAndExtentReport" name="tc4" time="0.009">
    <skipped/>
  </testcase> <!-- tc4 -->
  <testcase classname="org.sample.RerunAndExtentReport" name="tc4" time="0.010">
    <skipped/>
  </testcase> <!-- tc4 -->
  <testcase classname="org.sample.RerunAndExtentReport" name="tc4" time="0.009">
    <skipped/>
  </testcase> <!-- tc4 -->
  <testcase classname="org.sample.RerunAndExtentReport" name="tc4" time="0.013">
    <skipped/>
  </testcase> <!-- tc4 -->
  <testcase classname="org.sample.RerunAndExtentReport" name="tc4" time="0.009">
    <skipped/>
  </testcase> <!-- tc4 -->
  <testcase classname="org.sample.RerunAndExtentReport" name="tc4" time="0.008">
    <skipped/>
  </testcase> <!-- tc4 -->
  <testcase classname="org.sample.RerunAndExtentReport" name="tc4" time="0.009">
    <skipped/>
  </testcase> <!-- tc4 -->
  <testcase classname="org.sample.RerunAndExtentReport" name="tc4" time="0.009">
    <skipped/>
  </testcase> <!-- tc4 -->
  <testcase classname="org.sample.RerunAndExtentReport" name="tc4" time="0.009">
    <skipped/>
  </testcase> <!-- tc4 -->
  <testcase classname="org.sample.RerunAndExtentReport" name="tc4" time="0.012">
    <skipped/>
  </testcase> <!-- tc4 -->
  <testcase classname="org.sample.RerunAndExtentReport" name="tc4" time="0.008">
    <skipped/>
  </testcase> <!-- tc4 -->
  <testcase classname="org.sample.RerunAndExtentReport" name="tc4" time="0.010">
    <skipped/>
  </testcase> <!-- tc4 -->
  <testcase classname="org.sample.RerunAndExtentReport" name="tc4" time="0.009">
    <skipped/>
  </testcase> <!-- tc4 -->
  <testcase classname="org.sample.RerunAndExtentReport" name="tc4" time="0.010">
    <skipped/>
  </testcase> <!-- tc4 -->
  <testcase classname="org.sample.RerunAndExtentReport" name="tc4" time="0.010">
    <skipped/>
  </testcase> <!-- tc4 -->
  <testcase classname="org.sample.RerunAndExtentReport" name="tc4" time="0.010">
    <skipped/>
  </testcase> <!-- tc4 -->
  <testcase classname="org.sample.RerunAndExtentReport" name="tc4" time="0.008">
    <skipped/>
  </testcase> <!-- tc4 -->
  <testcase classname="org.sample.RerunAndExtentReport" name="tc4" time="0.026">
    <skipped/>
  </testcase> <!-- tc4 -->
  <testcase classname="org.sample.RerunAndExtentReport" name="tc4" time="0.009">
    <skipped/>
  </testcase> <!-- tc4 -->
  <testcase classname="org.sample.RerunAndExtentReport" name="tc4" time="0.009">
    <skipped/>
  </testcase> <!-- tc4 -->
  <testcase classname="org.sample.RerunAndExtentReport" name="tc4" time="0.008">
    <skipped/>
  </testcase> <!-- tc4 -->
  <testcase classname="org.sample.RerunAndExtentReport" name="tc4" time="0.011">
    <skipped/>
  </testcase> <!-- tc4 -->
  <testcase classname="org.sample.RerunAndExtentReport" name="tc4" time="0.009">
    <skipped/>
  </testcase> <!-- tc4 -->
  <testcase classname="org.sample.RerunAndExtentReport" name="tc4" time="0.010">
    <skipped/>
  </testcase> <!-- tc4 -->
  <testcase classname="org.sample.RerunAndExtentReport" name="tc4" time="0.011">
    <skipped/>
  </testcase> <!-- tc4 -->
  <testcase classname="org.sample.RerunAndExtentReport" name="tc4" time="0.009">
    <skipped/>
  </testcase> <!-- tc4 -->
  <testcase classname="org.sample.RerunAndExtentReport" name="tc4" time="0.008">
    <skipped/>
  </testcase> <!-- tc4 -->
  <testcase classname="org.sample.RerunAndExtentReport" name="tc4" time="0.008">
    <skipped/>
  </testcase> <!-- tc4 -->
  <testcase classname="org.sample.RerunAndExtentReport" name="tc4" time="0.009">
    <skipped/>
  </testcase> <!-- tc4 -->
  <testcase classname="org.sample.RerunAndExtentReport" name="tc4" time="0.009">
    <skipped/>
  </testcase> <!-- tc4 -->
  <testcase classname="org.sample.RerunAndExtentReport" name="tc4" time="0.011">
    <skipped/>
  </testcase> <!-- tc4 -->
  <testcase classname="org.sample.RerunAndExtentReport" name="tc4" time="0.011">
    <skipped/>
  </testcase> <!-- tc4 -->
  <testcase classname="org.sample.RerunAndExtentReport" name="tc4" time="0.008">
    <skipped/>
  </testcase> <!-- tc4 -->
  <testcase classname="org.sample.RerunAndExtentReport" name="tc4" time="0.010">
    <skipped/>
  </testcase> <!-- tc4 -->
  <testcase classname="org.sample.RerunAndExtentReport" name="tc4" time="0.011">
    <skipped/>
  </testcase> <!-- tc4 -->
  <testcase classname="org.sample.RerunAndExtentReport" name="tc4" time="0.011">
    <skipped/>
  </testcase> <!-- tc4 -->
  <testcase classname="org.sample.RerunAndExtentReport" name="tc4" time="0.009">
    <skipped/>
  </testcase> <!-- tc4 -->
  <testcase classname="org.sample.RerunAndExtentReport" name="tc4" time="0.009">
    <skipped/>
  </testcase> <!-- tc4 -->
  <testcase classname="org.sample.RerunAndExtentReport" name="tc4" time="0.017">
    <skipped/>
  </testcase> <!-- tc4 -->
  <testcase classname="org.sample.RerunAndExtentReport" name="tc4" time="0.014">
    <skipped/>
  </testcase> <!-- tc4 -->
  <testcase classname="org.sample.RerunAndExtentReport" name="tc4" time="0.009">
    <skipped/>
  </testcase> <!-- tc4 -->
  <testcase classname="org.sample.RerunAndExtentReport" name="tc4" time="0.009">
    <skipped/>
  </testcase> <!-- tc4 -->
  <testcase classname="org.sample.RerunAndExtentReport" name="tc4" time="0.011">
    <skipped/>
  </testcase> <!-- tc4 -->
  <testcase classname="org.sample.RerunAndExtentReport" name="tc4" time="0.009">
    <skipped/>
  </testcase> <!-- tc4 -->
  <testcase classname="org.sample.RerunAndExtentReport" name="tc4" time="0.009">
    <skipped/>
  </testcase> <!-- tc4 -->
  <testcase classname="org.sample.RerunAndExtentReport" name="tc4" time="0.008">
    <skipped/>
  </testcase> <!-- tc4 -->
  <testcase classname="org.sample.RerunAndExtentReport" name="tc4" time="0.012">
    <skipped/>
  </testcase> <!-- tc4 -->
  <testcase classname="org.sample.RerunAndExtentReport" name="tc4" time="0.009">
    <skipped/>
  </testcase> <!-- tc4 -->
  <testcase classname="org.sample.RerunAndExtentReport" name="tc4" time="0.009">
    <skipped/>
  </testcase> <!-- tc4 -->
  <testcase classname="org.sample.RerunAndExtentReport" name="tc4" time="0.011">
    <skipped/>
  </testcase> <!-- tc4 -->
  <testcase classname="org.sample.RerunAndExtentReport" name="tc4" time="0.013">
    <skipped/>
  </testcase> <!-- tc4 -->
  <testcase classname="org.sample.RerunAndExtentReport" name="tc4" time="0.008">
    <skipped/>
  </testcase> <!-- tc4 -->
  <testcase classname="org.sample.RerunAndExtentReport" name="tc4" time="0.011">
    <skipped/>
  </testcase> <!-- tc4 -->
  <testcase classname="org.sample.RerunAndExtentReport" name="tc4" time="0.010">
    <skipped/>
  </testcase> <!-- tc4 -->
  <testcase classname="org.sample.RerunAndExtentReport" name="tc4" time="0.012">
    <skipped/>
  </testcase> <!-- tc4 -->
  <testcase classname="org.sample.RerunAndExtentReport" name="tc4" time="0.008">
    <skipped/>
  </testcase> <!-- tc4 -->
  <testcase classname="org.sample.RerunAndExtentReport" name="tc4" time="0.009">
    <skipped/>
  </testcase> <!-- tc4 -->
  <testcase classname="org.sample.RerunAndExtentReport" name="tc4" time="0.009">
    <skipped/>
  </testcase> <!-- tc4 -->
  <testcase classname="org.sample.RerunAndExtentReport" name="tc4" time="0.009">
    <skipped/>
  </testcase> <!-- tc4 -->
  <testcase classname="org.sample.RerunAndExtentReport" name="tc4" time="0.009">
    <skipped/>
  </testcase> <!-- tc4 -->
  <testcase classname="org.sample.RerunAndExtentReport" name="tc4" time="0.008">
    <skipped/>
  </testcase> <!-- tc4 -->
  <testcase classname="org.sample.RerunAndExtentReport" name="tc4" time="0.009">
    <skipped/>
  </testcase> <!-- tc4 -->
  <testcase classname="org.sample.RerunAndExtentReport" name="tc4" time="0.008">
    <skipped/>
  </testcase> <!-- tc4 -->
  <testcase classname="org.sample.RerunAndExtentReport" name="tc4" time="0.011">
    <skipped/>
  </testcase> <!-- tc4 -->
  <testcase classname="org.sample.RerunAndExtentReport" name="tc4" time="0.011">
    <skipped/>
  </testcase> <!-- tc4 -->
  <testcase classname="org.sample.RerunAndExtentReport" name="tc4" time="0.011">
    <skipped/>
  </testcase> <!-- tc4 -->
  <testcase classname="org.sample.RerunAndExtentReport" name="tc4" time="0.009">
    <skipped/>
  </testcase> <!-- tc4 -->
  <testcase classname="org.sample.RerunAndExtentReport" name="tc4" time="0.010">
    <skipped/>
  </testcase> <!-- tc4 -->
  <testcase classname="org.sample.RerunAndExtentReport" name="tc4" time="0.018">
    <skipped/>
  </testcase> <!-- tc4 -->
  <testcase classname="org.sample.RerunAndExtentReport" name="tc4" time="0.011">
    <skipped/>
  </testcase> <!-- tc4 -->
  <testcase classname="org.sample.RerunAndExtentReport" name="tc4" time="0.008">
    <skipped/>
  </testcase> <!-- tc4 -->
  <testcase classname="org.sample.RerunAndExtentReport" name="tc4" time="0.010">
    <skipped/>
  </testcase> <!-- tc4 -->
  <testcase classname="org.sample.RerunAndExtentReport" name="tc4" time="0.009">
    <skipped/>
  </testcase> <!-- tc4 -->
  <testcase classname="org.sample.RerunAndExtentReport" name="tc4" time="0.012">
    <skipped/>
  </testcase> <!-- tc4 -->
  <testcase classname="org.sample.RerunAndExtentReport" name="tc4" time="0.009">
    <skipped/>
  </testcase> <!-- tc4 -->
  <testcase classname="org.sample.RerunAndExtentReport" name="tc4" time="0.011">
    <skipped/>
  </testcase> <!-- tc4 -->
  <testcase classname="org.sample.RerunAndExtentReport" name="tc4" time="0.009">
    <skipped/>
  </testcase> <!-- tc4 -->
  <testcase classname="org.sample.RerunAndExtentReport" name="tc4" time="0.009">
    <skipped/>
  </testcase> <!-- tc4 -->
  <testcase classname="org.sample.RerunAndExtentReport" name="tc4" time="0.007">
    <skipped/>
  </testcase> <!-- tc4 -->
  <testcase classname="org.sample.RerunAndExtentReport" name="tc4" time="0.009">
    <skipped/>
  </testcase> <!-- tc4 -->
  <testcase classname="org.sample.RerunAndExtentReport" name="tc4" time="0.011">
    <skipped/>
  </testcase> <!-- tc4 -->
  <testcase classname="org.sample.RerunAndExtentReport" name="tc4" time="0.009">
    <skipped/>
  </testcase> <!-- tc4 -->
  <testcase classname="org.sample.RerunAndExtentReport" name="tc4" time="0.008">
    <skipped/>
  </testcase> <!-- tc4 -->
  <testcase classname="org.sample.RerunAndExtentReport" name="tc4" time="0.012">
    <skipped/>
  </testcase> <!-- tc4 -->
  <testcase classname="org.sample.RerunAndExtentReport" name="tc4" time="0.009">
    <skipped/>
  </testcase> <!-- tc4 -->
  <testcase classname="org.sample.RerunAndExtentReport" name="tc4" time="0.012">
    <skipped/>
  </testcase> <!-- tc4 -->
  <testcase classname="org.sample.RerunAndExtentReport" name="tc4" time="0.009">
    <skipped/>
  </testcase> <!-- tc4 -->
  <testcase classname="org.sample.RerunAndExtentReport" name="tc4" time="0.009">
    <skipped/>
  </testcase> <!-- tc4 -->
  <testcase classname="org.sample.RerunAndExtentReport" name="tc4" time="0.009">
    <skipped/>
  </testcase> <!-- tc4 -->
  <testcase classname="org.sample.RerunAndExtentReport" name="tc4" time="0.012">
    <skipped/>
  </testcase> <!-- tc4 -->
  <testcase classname="org.sample.RerunAndExtentReport" name="tc4" time="0.009">
    <skipped/>
  </testcase> <!-- tc4 -->
  <testcase classname="org.sample.RerunAndExtentReport" name="tc4" time="0.011">
    <skipped/>
  </testcase> <!-- tc4 -->
  <testcase classname="org.sample.RerunAndExtentReport" name="tc4" time="0.009">
    <skipped/>
  </testcase> <!-- tc4 -->
  <testcase classname="org.sample.RerunAndExtentReport" name="tc4" time="0.009">
    <skipped/>
  </testcase> <!-- tc4 -->
  <testcase classname="org.sample.RerunAndExtentReport" name="tc4" time="0.010">
    <skipped/>
  </testcase> <!-- tc4 -->
  <testcase classname="org.sample.RerunAndExtentReport" name="tc4" time="0.009">
    <skipped/>
  </testcase> <!-- tc4 -->
  <testcase classname="org.sample.RerunAndExtentReport" name="tc4" time="0.009">
    <skipped/>
  </testcase> <!-- tc4 -->
  <testcase classname="org.sample.RerunAndExtentReport" name="tc4" time="0.008">
    <skipped/>
  </testcase> <!-- tc4 -->
  <testcase classname="org.sample.RerunAndExtentReport" name="tc4" time="0.010">
    <skipped/>
  </testcase> <!-- tc4 -->
  <testcase classname="org.sample.RerunAndExtentReport" name="tc4" time="0.008">
    <skipped/>
  </testcase> <!-- tc4 -->
  <testcase classname="org.sample.RerunAndExtentReport" name="tc4" time="0.009">
    <skipped/>
  </testcase> <!-- tc4 -->
  <testcase classname="org.sample.RerunAndExtentReport" name="tc4" time="0.009">
    <skipped/>
  </testcase> <!-- tc4 -->
  <testcase classname="org.sample.RerunAndExtentReport" name="tc4" time="0.010">
    <skipped/>
  </testcase> <!-- tc4 -->
  <testcase classname="org.sample.RerunAndExtentReport" name="tc4" time="0.009">
    <skipped/>
  </testcase> <!-- tc4 -->
  <testcase classname="org.sample.RerunAndExtentReport" name="tc4" time="0.009">
    <skipped/>
  </testcase> <!-- tc4 -->
  <testcase classname="org.sample.RerunAndExtentReport" name="tc4" time="0.009">
    <skipped/>
  </testcase> <!-- tc4 -->
  <testcase classname="org.sample.RerunAndExtentReport" name="tc4" time="0.009">
    <skipped/>
  </testcase> <!-- tc4 -->
  <testcase classname="org.sample.RerunAndExtentReport" name="tc4" time="0.011">
    <skipped/>
  </testcase> <!-- tc4 -->
  <testcase classname="org.sample.RerunAndExtentReport" name="tc4" time="0.009">
    <skipped/>
  </testcase> <!-- tc4 -->
  <testcase classname="org.sample.RerunAndExtentReport" name="tc1" time="2.533"/>
  <testcase classname="org.sample.RerunAndExtentReport" name="tc3" time="0.948"/>
  <testcase classname="org.sample.RerunAndExtentReport" name="tc4" time="0.009">
    <skipped/>
  </testcase> <!-- tc4 -->
  <testcase classname="org.sample.RerunAndExtentReport" name="tc4" time="0.017">
    <skipped/>
  </testcase> <!-- tc4 -->
  <testcase classname="org.sample.RerunAndExtentReport" name="tc4" time="0.010">
    <skipped/>
  </testcase> <!-- tc4 -->
  <testcase classname="org.sample.RerunAndExtentReport" name="tc4" time="0.013">
    <skipped/>
  </testcase> <!-- tc4 -->
  <testcase classname="org.sample.RerunAndExtentReport" name="tc4" time="0.009">
    <skipped/>
  </testcase> <!-- tc4 -->
  <testcase classname="org.sample.RerunAndExtentReport" name="tc4" time="0.011">
    <skipped/>
  </testcase> <!-- tc4 -->
  <testcase classname="org.sample.RerunAndExtentReport" name="tc4" time="0.010">
    <skipped/>
  </testcase> <!-- tc4 -->
  <testcase classname="org.sample.RerunAndExtentReport" name="tc4" time="0.011">
    <skipped/>
  </testcase> <!-- tc4 -->
  <testcase classname="org.sample.RerunAndExtentReport" name="tc4" time="0.011">
    <skipped/>
  </testcase> <!-- tc4 -->
  <testcase classname="org.sample.RerunAndExtentReport" name="tc4" time="0.010">
    <skipped/>
  </testcase> <!-- tc4 -->
  <testcase classname="org.sample.RerunAndExtentReport" name="tc4" time="0.010">
    <skipped/>
  </testcase> <!-- tc4 -->
  <testcase classname="org.sample.RerunAndExtentReport" name="tc4" time="0.011">
    <skipped/>
  </testcase> <!-- tc4 -->
  <testcase classname="org.sample.RerunAndExtentReport" name="tc4" time="0.010">
    <skipped/>
  </testcase> <!-- tc4 -->
  <testcase classname="org.sample.RerunAndExtentReport" name="tc4" time="0.009">
    <skipped/>
  </testcase> <!-- tc4 -->
  <testcase classname="org.sample.RerunAndExtentReport" name="tc4" time="0.011">
    <skipped/>
  </testcase> <!-- tc4 -->
  <testcase classname="org.sample.RerunAndExtentReport" name="tc4" time="0.013">
    <skipped/>
  </testcase> <!-- tc4 -->
  <testcase classname="org.sample.RerunAndExtentReport" name="tc4" time="0.009">
    <skipped/>
  </testcase> <!-- tc4 -->
  <testcase classname="org.sample.RerunAndExtentReport" name="tc4" time="0.009">
    <skipped/>
  </testcase> <!-- tc4 -->
  <testcase classname="org.sample.RerunAndExtentReport" name="tc4" time="0.009">
    <skipped/>
  </testcase> <!-- tc4 -->
  <testcase classname="org.sample.RerunAndExtentReport" name="tc4" time="0.010">
    <skipped/>
  </testcase> <!-- tc4 -->
  <testcase classname="org.sample.RerunAndExtentReport" name="tc4" time="0.008">
    <skipped/>
  </testcase> <!-- tc4 -->
  <testcase classname="org.sample.RerunAndExtentReport" name="tc4" time="0.008">
    <skipped/>
  </testcase> <!-- tc4 -->
</testsuite> <!-- org.sample.RerunAndExtentReport -->
