<?xml version="1.0" encoding="UTF-8"?>
<!-- Generated by org.testng.reporters.JUnitReportReporter -->
<testsuite hostname="Vanithaa" failures="0" tests="469" name="org.sample.RerunSample" time="25.513" errors="0" timestamp="10 Apr 2021 18:03:21 GMT" skipped="463">
  <testcase classname="org.sample.RerunSample" name="tc4" time="0.009">
    <skipped/>
  </testcase> <!-- tc4 -->
  <testcase classname="org.sample.RerunSample" name="tc4" time="0.010">
    <skipped/>
  </testcase> <!-- tc4 -->
  <testcase classname="org.sample.RerunSample" name="tc4" time="0.010">
    <skipped/>
  </testcase> <!-- tc4 -->
  <testcase classname="org.sample.RerunSample" name="tc4" time="0.009">
    <skipped/>
  </testcase> <!-- tc4 -->
  <testcase classname="org.sample.RerunSample" name="tc4" time="0.010">
    <skipped/>
  </testcase> <!-- tc4 -->
  <testcase classname="org.sample.RerunSample" name="tc4" time="0.008">
    <skipped/>
  </testcase> <!-- tc4 -->
  <testcase classname="org.sample.RerunSample" name="tc4" time="0.011">
    <skipped/>
  </testcase> <!-- tc4 -->
  <testcase classname="org.sample.RerunSample" name="tc4" time="0.037">
    <skipped/>
  </testcase> <!-- tc4 -->
  <testcase classname="org.sample.RerunSample" name="tc4" time="0.010">
    <skipped/>
  </testcase> <!-- tc4 -->
  <testcase classname="org.sample.RerunSample" name="tc4" time="0.009">
    <skipped/>
  </testcase> <!-- tc4 -->
  <testcase classname="org.sample.RerunSample" name="tc4" time="0.008">
    <skipped/>
  </testcase> <!-- tc4 -->
  <testcase classname="org.sample.RerunSample" name="tc4" time="0.012">
    <skipped/>
  </testcase> <!-- tc4 -->
  <testcase classname="org.sample.RerunSample" name="tc4" time="0.010">
    <skipped/>
  </testcase> <!-- tc4 -->
  <testcase classname="org.sample.RerunSample" name="tc4" time="0.010">
    <skipped/>
  </testcase> <!-- tc4 -->
  <testcase classname="org.sample.RerunSample" name="tc4" time="0.012">
    <skipped/>
  </testcase> <!-- tc4 -->
  <testcase classname="org.sample.RerunSample" name="tc4" time="0.008">
    <skipped/>
  </testcase> <!-- tc4 -->
  <testcase classname="org.sample.RerunSample" name="tc4" time="0.008">
    <skipped/>
  </testcase> <!-- tc4 -->
  <testcase classname="org.sample.RerunSample" name="tc4" time="0.009">
    <skipped/>
  </testcase> <!-- tc4 -->
  <testcase classname="org.sample.RerunSample" name="tc4" time="0.008">
    <skipped/>
  </testcase> <!-- tc4 -->
  <testcase classname="org.sample.RerunSample" name="tc4" time="0.008">
    <skipped/>
  </testcase> <!-- tc4 -->
  <testcase classname="org.sample.RerunSample" name="tc4" time="0.009">
    <skipped/>
  </testcase> <!-- tc4 -->
  <testcase classname="org.sample.RerunSample" name="tc4" time="0.010">
    <skipped/>
  </testcase> <!-- tc4 -->
  <testcase classname="org.sample.RerunSample" name="tc4" time="0.010">
    <skipped/>
  </testcase> <!-- tc4 -->
  <testcase classname="org.sample.RerunSample" name="tc4" time="0.010">
    <skipped/>
  </testcase> <!-- tc4 -->
  <testcase classname="org.sample.RerunSample" name="tc4" time="0.009">
    <skipped/>
  </testcase> <!-- tc4 -->
  <testcase classname="org.sample.RerunSample" name="tc4" time="0.009">
    <skipped/>
  </testcase> <!-- tc4 -->
  <testcase classname="org.sample.RerunSample" name="tc4" time="0.010">
    <skipped/>
  </testcase> <!-- tc4 -->
  <testcase classname="org.sample.RerunSample" name="tc4" time="0.010">
    <skipped/>
  </testcase> <!-- tc4 -->
  <testcase classname="org.sample.RerunSample" name="tc4" time="0.009">
    <skipped/>
  </testcase> <!-- tc4 -->
  <testcase classname="org.sample.RerunSample" name="tc4" time="0.009">
    <skipped/>
  </testcase> <!-- tc4 -->
  <testcase classname="org.sample.RerunSample" name="tc4" time="0.016">
    <skipped/>
  </testcase> <!-- tc4 -->
  <testcase classname="org.sample.RerunSample" name="tc4" time="0.009">
    <skipped/>
  </testcase> <!-- tc4 -->
  <testcase classname="org.sample.RerunSample" name="tc4" time="0.011">
    <skipped/>
  </testcase> <!-- tc4 -->
  <testcase classname="org.sample.RerunSample" name="tc4" time="0.010">
    <skipped/>
  </testcase> <!-- tc4 -->
  <testcase classname="org.sample.RerunSample" name="tc4" time="0.009">
    <skipped/>
  </testcase> <!-- tc4 -->
  <testcase classname="org.sample.RerunSample" name="tc4" time="0.009">
    <skipped/>
  </testcase> <!-- tc4 -->
  <testcase classname="org.sample.RerunSample" name="tc4" time="0.009">
    <skipped/>
  </testcase> <!-- tc4 -->
  <testcase classname="org.sample.RerunSample" name="tc4" time="0.008">
    <skipped/>
  </testcase> <!-- tc4 -->
  <testcase classname="org.sample.RerunSample" name="tc4" time="0.010">
    <skipped/>
  </testcase> <!-- tc4 -->
  <testcase classname="org.sample.RerunSample" name="tc4" time="0.012">
    <skipped/>
  </testcase> <!-- tc4 -->
  <testcase classname="org.sample.RerunSample" name="tc4" time="0.009">
    <skipped/>
  </testcase> <!-- tc4 -->
  <testcase classname="org.sample.RerunSample" name="tc4" time="0.008">
    <skipped/>
  </testcase> <!-- tc4 -->
  <testcase classname="org.sample.RerunSample" name="tc4" time="0.009">
    <skipped/>
  </testcase> <!-- tc4 -->
  <testcase classname="org.sample.RerunSample" name="tc4" time="0.010">
    <skipped/>
  </testcase> <!-- tc4 -->
  <testcase classname="org.sample.RerunSample" name="tc4" time="0.009">
    <skipped/>
  </testcase> <!-- tc4 -->
  <testcase classname="org.sample.RerunSample" name="tc4" time="0.011">
    <skipped/>
  </testcase> <!-- tc4 -->
  <testcase classname="org.sample.RerunSample" name="tc4" time="0.008">
    <skipped/>
  </testcase> <!-- tc4 -->
  <testcase classname="org.sample.RerunSample" name="tc4" time="0.009">
    <skipped/>
  </testcase> <!-- tc4 -->
  <testcase classname="org.sample.RerunSample" name="tc4" time="0.009">
    <skipped/>
  </testcase> <!-- tc4 -->
  <testcase classname="org.sample.RerunSample" name="tc4" time="0.009">
    <skipped/>
  </testcase> <!-- tc4 -->
  <testcase classname="org.sample.RerunSample" name="tc4" time="0.009">
    <skipped/>
  </testcase> <!-- tc4 -->
  <testcase classname="org.sample.RerunSample" name="tc4" time="0.009">
    <skipped/>
  </testcase> <!-- tc4 -->
  <testcase classname="org.sample.RerunSample" name="tc4" time="0.010">
    <skipped/>
  </testcase> <!-- tc4 -->
  <testcase classname="org.sample.RerunSample" name="tc4" time="0.009">
    <skipped/>
  </testcase> <!-- tc4 -->
  <testcase classname="org.sample.RerunSample" name="tc4" time="0.008">
    <skipped/>
  </testcase> <!-- tc4 -->
  <testcase classname="org.sample.RerunSample" name="tc4" time="0.009">
    <skipped/>
  </testcase> <!-- tc4 -->
  <testcase classname="org.sample.RerunSample" name="tc4" time="0.010">
    <skipped/>
  </testcase> <!-- tc4 -->
  <testcase classname="org.sample.RerunSample" name="tc4" time="0.011">
    <skipped/>
  </testcase> <!-- tc4 -->
  <testcase classname="org.sample.RerunSample" name="tc4" time="0.009">
    <skipped/>
  </testcase> <!-- tc4 -->
  <testcase classname="org.sample.RerunSample" name="tc4" time="0.009">
    <skipped/>
  </testcase> <!-- tc4 -->
  <testcase classname="org.sample.RerunSample" name="tc4" time="0.009">
    <skipped/>
  </testcase> <!-- tc4 -->
  <testcase classname="org.sample.RerunSample" name="tc4" time="0.009">
    <skipped/>
  </testcase> <!-- tc4 -->
  <testcase classname="org.sample.RerunSample" name="tc4" time="0.010">
    <skipped/>
  </testcase> <!-- tc4 -->
  <testcase classname="org.sample.RerunSample" name="tc4" time="0.010">
    <skipped/>
  </testcase> <!-- tc4 -->
  <testcase classname="org.sample.RerunSample" name="tc4" time="0.010">
    <skipped/>
  </testcase> <!-- tc4 -->
  <testcase classname="org.sample.RerunSample" name="tc4" time="0.008">
    <skipped/>
  </testcase> <!-- tc4 -->
  <testcase classname="org.sample.RerunSample" name="tc4" time="0.009">
    <skipped/>
  </testcase> <!-- tc4 -->
  <testcase classname="org.sample.RerunSample" name="tc4" time="0.013">
    <skipped/>
  </testcase> <!-- tc4 -->
  <testcase classname="org.sample.RerunSample" name="tc4" time="0.008">
    <skipped/>
  </testcase> <!-- tc4 -->
  <testcase classname="org.sample.RerunSample" name="tc4" time="0.009">
    <skipped/>
  </testcase> <!-- tc4 -->
  <testcase classname="org.sample.RerunSample" name="tc4" time="0.012">
    <skipped/>
  </testcase> <!-- tc4 -->
  <testcase classname="org.sample.RerunSample" name="tc4" time="0.008">
    <skipped/>
  </testcase> <!-- tc4 -->
  <testcase classname="org.sample.RerunSample" name="tc4" time="0.009">
    <skipped/>
  </testcase> <!-- tc4 -->
  <testcase classname="org.sample.RerunSample" name="tc4" time="0.010">
    <skipped/>
  </testcase> <!-- tc4 -->
  <testcase classname="org.sample.RerunSample" name="tc4" time="0.010">
    <skipped/>
  </testcase> <!-- tc4 -->
  <testcase classname="org.sample.RerunSample" name="tc4" time="0.010">
    <skipped/>
  </testcase> <!-- tc4 -->
  <testcase classname="org.sample.RerunSample" name="tc4" time="0.012">
    <skipped/>
  </testcase> <!-- tc4 -->
  <testcase classname="org.sample.RerunSample" name="tc4" time="0.008">
    <skipped/>
  </testcase> <!-- tc4 -->
  <testcase classname="org.sample.RerunSample" name="tc4" time="0.008">
    <skipped/>
  </testcase> <!-- tc4 -->
  <testcase classname="org.sample.RerunSample" name="tc4" time="0.008">
    <skipped/>
  </testcase> <!-- tc4 -->
  <testcase classname="org.sample.RerunSample" name="tc4" time="0.009">
    <skipped/>
  </testcase> <!-- tc4 -->
  <testcase classname="org.sample.RerunSample" name="tc4" time="0.009">
    <skipped/>
  </testcase> <!-- tc4 -->
  <testcase classname="org.sample.RerunSample" name="tc4" time="0.010">
    <skipped/>
  </testcase> <!-- tc4 -->
  <testcase classname="org.sample.RerunSample" name="tc4" time="0.010">
    <skipped/>
  </testcase> <!-- tc4 -->
  <testcase classname="org.sample.RerunSample" name="tc4" time="0.009">
    <skipped/>
  </testcase> <!-- tc4 -->
  <testcase classname="org.sample.RerunSample" name="tc4" time="0.011">
    <skipped/>
  </testcase> <!-- tc4 -->
  <testcase classname="org.sample.RerunSample" name="tc4" time="0.010">
    <skipped/>
  </testcase> <!-- tc4 -->
  <testcase classname="org.sample.RerunSample" name="tc4" time="0.008">
    <skipped/>
  </testcase> <!-- tc4 -->
  <testcase classname="org.sample.RerunSample" name="tc4" time="0.009">
    <skipped/>
  </testcase> <!-- tc4 -->
  <testcase classname="org.sample.RerunSample" name="tc4" time="0.009">
    <skipped/>
  </testcase> <!-- tc4 -->
  <testcase classname="org.sample.RerunSample" name="tc4" time="0.011">
    <skipped/>
  </testcase> <!-- tc4 -->
  <testcase classname="org.sample.RerunSample" name="tc4" time="0.010">
    <skipped/>
  </testcase> <!-- tc4 -->
  <testcase classname="org.sample.RerunSample" name="tc4" time="0.009">
    <skipped/>
  </testcase> <!-- tc4 -->
  <testcase classname="org.sample.RerunSample" name="tc4" time="0.014">
    <skipped/>
  </testcase> <!-- tc4 -->
  <testcase classname="org.sample.RerunSample" name="tc4" time="0.010">
    <skipped/>
  </testcase> <!-- tc4 -->
  <testcase classname="org.sample.RerunSample" name="tc3" time="1.017"/>
  <testcase classname="org.sample.RerunSample" name="tc4" time="0.010">
    <skipped/>
  </testcase> <!-- tc4 -->
  <testcase classname="org.sample.RerunSample" name="tc4" time="0.008">
    <skipped/>
  </testcase> <!-- tc4 -->
  <testcase classname="org.sample.RerunSample" name="tc4" time="0.009">
    <skipped/>
  </testcase> <!-- tc4 -->
  <testcase classname="org.sample.RerunSample" name="tc4" time="0.011">
    <skipped/>
  </testcase> <!-- tc4 -->
  <testcase classname="org.sample.RerunSample" name="tc4" time="0.012">
    <skipped/>
  </testcase> <!-- tc4 -->
  <testcase classname="org.sample.RerunSample" name="tc4" time="0.009">
    <skipped/>
  </testcase> <!-- tc4 -->
  <testcase classname="org.sample.RerunSample" name="tc4" time="0.008">
    <skipped/>
  </testcase> <!-- tc4 -->
  <testcase classname="org.sample.RerunSample" name="tc4" time="0.010">
    <skipped/>
  </testcase> <!-- tc4 -->
  <testcase classname="org.sample.RerunSample" name="tc4" time="0.011">
    <skipped/>
  </testcase> <!-- tc4 -->
  <testcase classname="org.sample.RerunSample" name="tc4" time="0.010">
    <skipped/>
  </testcase> <!-- tc4 -->
  <testcase classname="org.sample.RerunSample" name="tc4" time="0.008">
    <skipped/>
  </testcase> <!-- tc4 -->
  <testcase classname="org.sample.RerunSample" name="tc4" time="0.009">
    <skipped/>
  </testcase> <!-- tc4 -->
  <testcase classname="org.sample.RerunSample" name="tc4" time="0.010">
    <skipped/>
  </testcase> <!-- tc4 -->
  <testcase classname="org.sample.RerunSample" name="tc4" time="0.010">
    <skipped/>
  </testcase> <!-- tc4 -->
  <testcase classname="org.sample.RerunSample" name="tc4" time="0.008">
    <skipped/>
  </testcase> <!-- tc4 -->
  <testcase classname="org.sample.RerunSample" name="tc4" time="0.009">
    <skipped/>
  </testcase> <!-- tc4 -->
  <testcase classname="org.sample.RerunSample" name="tc4" time="0.010">
    <skipped/>
  </testcase> <!-- tc4 -->
  <testcase classname="org.sample.RerunSample" name="tc4" time="0.010">
    <skipped/>
  </testcase> <!-- tc4 -->
  <testcase classname="org.sample.RerunSample" name="tc4" time="0.009">
    <skipped/>
  </testcase> <!-- tc4 -->
  <testcase classname="org.sample.RerunSample" name="tc4" time="0.012">
    <skipped/>
  </testcase> <!-- tc4 -->
  <testcase classname="org.sample.RerunSample" name="tc4" time="0.009">
    <skipped/>
  </testcase> <!-- tc4 -->
  <testcase classname="org.sample.RerunSample" name="tc4" time="0.012">
    <skipped/>
  </testcase> <!-- tc4 -->
  <testcase classname="org.sample.RerunSample" name="tc4" time="0.013">
    <skipped/>
  </testcase> <!-- tc4 -->
  <testcase classname="org.sample.RerunSample" name="tc4" time="0.008">
    <skipped/>
  </testcase> <!-- tc4 -->
  <testcase classname="org.sample.RerunSample" name="tc4" time="0.008">
    <skipped/>
  </testcase> <!-- tc4 -->
  <testcase classname="org.sample.RerunSample" name="tc4" time="0.009">
    <skipped/>
  </testcase> <!-- tc4 -->
  <testcase classname="org.sample.RerunSample" name="tc" time="5.854"/>
  <testcase classname="org.sample.RerunSample" name="tc4" time="0.011">
    <skipped/>
  </testcase> <!-- tc4 -->
  <testcase classname="org.sample.RerunSample" name="tc4" time="0.009">
    <skipped/>
  </testcase> <!-- tc4 -->
  <testcase classname="org.sample.RerunSample" name="tc4" time="0.009">
    <skipped/>
  </testcase> <!-- tc4 -->
  <testcase classname="org.sample.RerunSample" name="tc4" time="0.009">
    <skipped/>
  </testcase> <!-- tc4 -->
  <testcase classname="org.sample.RerunSample" name="tc4" time="0.009">
    <skipped/>
  </testcase> <!-- tc4 -->
  <testcase classname="org.sample.RerunSample" name="tc4" time="0.010">
    <skipped/>
  </testcase> <!-- tc4 -->
  <testcase classname="org.sample.RerunSample" name="tc4" time="0.008">
    <skipped/>
  </testcase> <!-- tc4 -->
  <testcase classname="org.sample.RerunSample" name="tc4" time="0.010">
    <skipped/>
  </testcase> <!-- tc4 -->
  <testcase classname="org.sample.RerunSample" name="tc4" time="0.015">
    <skipped/>
  </testcase> <!-- tc4 -->
  <testcase classname="org.sample.RerunSample" name="tc4" time="0.008">
    <skipped/>
  </testcase> <!-- tc4 -->
  <testcase classname="org.sample.RerunSample" name="tc4" time="0.011">
    <skipped/>
  </testcase> <!-- tc4 -->
  <testcase classname="org.sample.RerunSample" name="tc4" time="0.012">
    <skipped/>
  </testcase> <!-- tc4 -->
  <testcase classname="org.sample.RerunSample" name="tc4" time="0.012">
    <skipped/>
  </testcase> <!-- tc4 -->
  <testcase classname="org.sample.RerunSample" name="tc4" time="0.009">
    <skipped/>
  </testcase> <!-- tc4 -->
  <testcase classname="org.sample.RerunSample" name="tc4" time="0.010">
    <skipped/>
  </testcase> <!-- tc4 -->
  <testcase classname="org.sample.RerunSample" name="tc4" time="0.009">
    <skipped/>
  </testcase> <!-- tc4 -->
  <testcase classname="org.sample.RerunSample" name="tc4" time="0.009">
    <skipped/>
  </testcase> <!-- tc4 -->
  <testcase classname="org.sample.RerunSample" name="tc4" time="0.009">
    <skipped/>
  </testcase> <!-- tc4 -->
  <testcase classname="org.sample.RerunSample" name="tc4" time="0.009">
    <skipped/>
  </testcase> <!-- tc4 -->
  <testcase classname="org.sample.RerunSample" name="tc4" time="0.009">
    <skipped/>
  </testcase> <!-- tc4 -->
  <testcase classname="org.sample.RerunSample" name="tc4" time="0.011">
    <skipped/>
  </testcase> <!-- tc4 -->
  <testcase classname="org.sample.RerunSample" name="tc4" time="0.010">
    <skipped/>
  </testcase> <!-- tc4 -->
  <testcase classname="org.sample.RerunSample" name="tc4" time="0.008">
    <skipped/>
  </testcase> <!-- tc4 -->
  <testcase classname="org.sample.RerunSample" name="tc4" time="0.008">
    <skipped/>
  </testcase> <!-- tc4 -->
  <testcase classname="org.sample.RerunSample" name="tc4" time="0.011">
    <skipped/>
  </testcase> <!-- tc4 -->
  <testcase classname="org.sample.RerunSample" name="tc4" time="0.009">
    <skipped/>
  </testcase> <!-- tc4 -->
  <testcase classname="org.sample.RerunSample" name="tc4" time="0.010">
    <skipped/>
  </testcase> <!-- tc4 -->
  <testcase classname="org.sample.RerunSample" name="tc4" time="0.009">
    <skipped/>
  </testcase> <!-- tc4 -->
  <testcase classname="org.sample.RerunSample" name="tc4" time="0.016">
    <skipped/>
  </testcase> <!-- tc4 -->
  <testcase classname="org.sample.RerunSample" name="tc4" time="0.010">
    <skipped/>
  </testcase> <!-- tc4 -->
  <testcase classname="org.sample.RerunSample" name="tc4" time="0.008">
    <skipped/>
  </testcase> <!-- tc4 -->
  <testcase classname="org.sample.RerunSample" name="tc4" time="0.010">
    <skipped/>
  </testcase> <!-- tc4 -->
  <testcase classname="org.sample.RerunSample" name="tc4" time="0.016">
    <skipped/>
  </testcase> <!-- tc4 -->
  <testcase classname="org.sample.RerunSample" name="tc2" time="1.354"/>
  <testcase classname="org.sample.RerunSample" name="tc4" time="0.009">
    <skipped/>
  </testcase> <!-- tc4 -->
  <testcase classname="org.sample.RerunSample" name="tc4" time="0.010">
    <skipped/>
  </testcase> <!-- tc4 -->
  <testcase classname="org.sample.RerunSample" name="tc4" time="0.011">
    <skipped/>
  </testcase> <!-- tc4 -->
  <testcase classname="org.sample.RerunSample" name="tc4" time="0.010">
    <skipped/>
  </testcase> <!-- tc4 -->
  <testcase classname="org.sample.RerunSample" name="tc4" time="0.010">
    <skipped/>
  </testcase> <!-- tc4 -->
  <testcase classname="org.sample.RerunSample" name="tc4" time="0.008">
    <skipped/>
  </testcase> <!-- tc4 -->
  <testcase classname="org.sample.RerunSample" name="tc4" time="0.008">
    <skipped/>
  </testcase> <!-- tc4 -->
  <testcase classname="org.sample.RerunSample" name="tc4" time="0.010">
    <skipped/>
  </testcase> <!-- tc4 -->
  <testcase classname="org.sample.RerunSample" name="tc4" time="0.009">
    <skipped/>
  </testcase> <!-- tc4 -->
  <testcase classname="org.sample.RerunSample" name="tc4" time="0.009">
    <skipped/>
  </testcase> <!-- tc4 -->
  <testcase classname="org.sample.RerunSample" name="tc4" time="0.008">
    <skipped/>
  </testcase> <!-- tc4 -->
  <testcase classname="org.sample.RerunSample" name="tc4" time="0.010">
    <skipped/>
  </testcase> <!-- tc4 -->
  <testcase classname="org.sample.RerunSample" name="tc4" time="0.008">
    <skipped/>
  </testcase> <!-- tc4 -->
  <testcase classname="org.sample.RerunSample" name="tc4" time="0.011">
    <skipped/>
  </testcase> <!-- tc4 -->
  <testcase classname="org.sample.RerunSample" name="tc4" time="0.009">
    <skipped/>
  </testcase> <!-- tc4 -->
  <testcase classname="org.sample.RerunSample" name="tc4" time="0.010">
    <skipped/>
  </testcase> <!-- tc4 -->
  <testcase classname="org.sample.RerunSample" name="tc4" time="0.009">
    <skipped/>
  </testcase> <!-- tc4 -->
  <testcase classname="org.sample.RerunSample" name="tc4" time="0.010">
    <skipped/>
  </testcase> <!-- tc4 -->
  <testcase classname="org.sample.RerunSample" name="tc4" time="0.009">
    <skipped/>
  </testcase> <!-- tc4 -->
  <testcase classname="org.sample.RerunSample" name="tc4" time="0.011">
    <skipped/>
  </testcase> <!-- tc4 -->
  <testcase classname="org.sample.RerunSample" name="tc4" time="0.011">
    <skipped/>
  </testcase> <!-- tc4 -->
  <testcase classname="org.sample.RerunSample" name="tc4" time="0.010">
    <skipped/>
  </testcase> <!-- tc4 -->
  <testcase classname="org.sample.RerunSample" name="tc4" time="0.008">
    <skipped/>
  </testcase> <!-- tc4 -->
  <testcase classname="org.sample.RerunSample" name="tc4" time="0.008">
    <skipped/>
  </testcase> <!-- tc4 -->
  <testcase classname="org.sample.RerunSample" name="tc4" time="0.008">
    <skipped/>
  </testcase> <!-- tc4 -->
  <testcase classname="org.sample.RerunSample" name="tc4" time="0.010">
    <skipped/>
  </testcase> <!-- tc4 -->
  <testcase classname="org.sample.RerunSample" name="tc4" time="0.011">
    <skipped/>
  </testcase> <!-- tc4 -->
  <testcase classname="org.sample.RerunSample" name="tc4" time="0.009">
    <skipped/>
  </testcase> <!-- tc4 -->
  <testcase classname="org.sample.RerunSample" name="tc4" time="0.008">
    <skipped/>
  </testcase> <!-- tc4 -->
  <testcase classname="org.sample.RerunSample" name="tc4" time="0.011">
    <skipped/>
  </testcase> <!-- tc4 -->
  <testcase classname="org.sample.RerunSample" name="tc4" time="0.012">
    <skipped/>
  </testcase> <!-- tc4 -->
  <testcase classname="org.sample.RerunSample" name="tc4" time="0.013">
    <skipped/>
  </testcase> <!-- tc4 -->
  <testcase classname="org.sample.RerunSample" name="tc4" time="0.010">
    <skipped/>
  </testcase> <!-- tc4 -->
  <testcase classname="org.sample.RerunSample" name="tc4" time="0.009">
    <skipped/>
  </testcase> <!-- tc4 -->
  <testcase classname="org.sample.RerunSample" name="tc4" time="0.008">
    <skipped/>
  </testcase> <!-- tc4 -->
  <testcase classname="org.sample.RerunSample" name="tc4" time="0.010">
    <skipped/>
  </testcase> <!-- tc4 -->
  <testcase classname="org.sample.RerunSample" name="tc4" time="0.009">
    <skipped/>
  </testcase> <!-- tc4 -->
  <testcase classname="org.sample.RerunSample" name="tc4" time="0.009">
    <skipped/>
  </testcase> <!-- tc4 -->
  <testcase classname="org.sample.RerunSample" name="tc4" time="0.009">
    <skipped/>
  </testcase> <!-- tc4 -->
  <testcase classname="org.sample.RerunSample" name="tc4" time="0.009">
    <skipped/>
  </testcase> <!-- tc4 -->
  <testcase classname="org.sample.RerunSample" name="tc4" time="0.008">
    <skipped/>
  </testcase> <!-- tc4 -->
  <testcase classname="org.sample.RerunSample" name="tc4" time="0.010">
    <skipped/>
  </testcase> <!-- tc4 -->
  <testcase classname="org.sample.RerunSample" name="tc4" time="0.009">
    <skipped/>
  </testcase> <!-- tc4 -->
  <testcase classname="org.sample.RerunSample" name="tc4" time="0.009">
    <skipped/>
  </testcase> <!-- tc4 -->
  <testcase classname="org.sample.RerunSample" name="tc4" time="0.010">
    <skipped/>
  </testcase> <!-- tc4 -->
  <testcase classname="org.sample.RerunSample" name="tc4" time="0.010">
    <skipped/>
  </testcase> <!-- tc4 -->
  <testcase classname="org.sample.RerunSample" name="tc4" time="0.009">
    <skipped/>
  </testcase> <!-- tc4 -->
  <testcase classname="org.sample.RerunSample" name="tc4" time="0.011">
    <skipped/>
  </testcase> <!-- tc4 -->
  <testcase classname="org.sample.RerunSample" name="tc4" time="0.010">
    <skipped/>
  </testcase> <!-- tc4 -->
  <testcase classname="org.sample.RerunSample" name="tc4" time="0.010">
    <skipped/>
  </testcase> <!-- tc4 -->
  <testcase classname="org.sample.RerunSample" name="tc4" time="0.010">
    <skipped/>
  </testcase> <!-- tc4 -->
  <testcase classname="org.sample.RerunSample" name="tc4" time="0.012">
    <skipped/>
  </testcase> <!-- tc4 -->
  <testcase classname="org.sample.RerunSample" name="tc4" time="0.010">
    <skipped/>
  </testcase> <!-- tc4 -->
  <testcase classname="org.sample.RerunSample" name="tc4" time="0.008">
    <skipped/>
  </testcase> <!-- tc4 -->
  <testcase classname="org.sample.RerunSample" name="tc4" time="0.010">
    <skipped/>
  </testcase> <!-- tc4 -->
  <testcase classname="org.sample.RerunSample" name="tc4" time="0.009">
    <skipped/>
  </testcase> <!-- tc4 -->
  <testcase classname="org.sample.RerunSample" name="tc4" time="0.010">
    <skipped/>
  </testcase> <!-- tc4 -->
  <testcase classname="org.sample.RerunSample" name="tc4" time="0.009">
    <skipped/>
  </testcase> <!-- tc4 -->
  <testcase classname="org.sample.RerunSample" name="tc4" time="0.011">
    <skipped/>
  </testcase> <!-- tc4 -->
  <testcase classname="org.sample.RerunSample" name="tc4" time="0.012">
    <skipped/>
  </testcase> <!-- tc4 -->
  <testcase classname="org.sample.RerunSample" name="tc4" time="0.011">
    <skipped/>
  </testcase> <!-- tc4 -->
  <testcase classname="org.sample.RerunSample" name="tc4" time="0.010">
    <skipped/>
  </testcase> <!-- tc4 -->
  <testcase classname="org.sample.RerunSample" name="tc4" time="0.011">
    <skipped/>
  </testcase> <!-- tc4 -->
  <testcase classname="org.sample.RerunSample" name="tc4" time="0.009">
    <skipped/>
  </testcase> <!-- tc4 -->
  <testcase classname="org.sample.RerunSample" name="tc4" time="0.008">
    <skipped/>
  </testcase> <!-- tc4 -->
  <testcase classname="org.sample.RerunSample" name="tc4" time="0.009">
    <skipped/>
  </testcase> <!-- tc4 -->
  <testcase classname="org.sample.RerunSample" name="tc4" time="0.010">
    <skipped/>
  </testcase> <!-- tc4 -->
  <testcase classname="org.sample.RerunSample" name="tc4" time="0.011">
    <skipped/>
  </testcase> <!-- tc4 -->
  <testcase classname="org.sample.RerunSample" name="tc4" time="0.009">
    <skipped/>
  </testcase> <!-- tc4 -->
  <testcase classname="org.sample.RerunSample" name="tc4" time="0.009">
    <skipped/>
  </testcase> <!-- tc4 -->
  <testcase classname="org.sample.RerunSample" name="tc4" time="0.010">
    <skipped/>
  </testcase> <!-- tc4 -->
  <testcase classname="org.sample.RerunSample" name="tc4" time="0.011">
    <skipped/>
  </testcase> <!-- tc4 -->
  <testcase classname="org.sample.RerunSample" name="tc4" time="0.011">
    <skipped/>
  </testcase> <!-- tc4 -->
  <testcase classname="org.sample.RerunSample" name="tc4" time="0.011">
    <skipped/>
  </testcase> <!-- tc4 -->
  <testcase classname="org.sample.RerunSample" name="tc4" time="0.010">
    <skipped/>
  </testcase> <!-- tc4 -->
  <testcase classname="org.sample.RerunSample" name="tc4" time="0.009">
    <skipped/>
  </testcase> <!-- tc4 -->
  <testcase classname="org.sample.RerunSample" name="tc1" time="3.202"/>
  <testcase classname="org.sample.RerunSample" name="tc4" time="0.009">
    <skipped/>
  </testcase> <!-- tc4 -->
  <testcase classname="org.sample.RerunSample" name="tc4" time="0.012">
    <skipped/>
  </testcase> <!-- tc4 -->
  <testcase classname="org.sample.RerunSample" name="tc4" time="0.008">
    <skipped/>
  </testcase> <!-- tc4 -->
  <testcase classname="org.sample.RerunSample" name="tc4" time="0.009">
    <skipped/>
  </testcase> <!-- tc4 -->
  <testcase classname="org.sample.RerunSample" name="tc4" time="0.009">
    <skipped/>
  </testcase> <!-- tc4 -->
  <testcase classname="org.sample.RerunSample" name="tc4" time="0.011">
    <skipped/>
  </testcase> <!-- tc4 -->
  <testcase classname="org.sample.RerunSample" name="tc4" time="0.009">
    <skipped/>
  </testcase> <!-- tc4 -->
  <testcase classname="org.sample.RerunSample" name="tc4" time="0.009">
    <skipped/>
  </testcase> <!-- tc4 -->
  <testcase classname="org.sample.RerunSample" name="tc4" time="0.009">
    <skipped/>
  </testcase> <!-- tc4 -->
  <testcase classname="org.sample.RerunSample" name="tc4" time="0.013">
    <skipped/>
  </testcase> <!-- tc4 -->
  <testcase classname="org.sample.RerunSample" name="tc4" time="0.009">
    <skipped/>
  </testcase> <!-- tc4 -->
  <testcase classname="org.sample.RerunSample" name="tc4" time="0.009">
    <skipped/>
  </testcase> <!-- tc4 -->
  <testcase classname="org.sample.RerunSample" name="tc4" time="0.008">
    <skipped/>
  </testcase> <!-- tc4 -->
  <testcase classname="org.sample.RerunSample" name="tc4" time="0.010">
    <skipped/>
  </testcase> <!-- tc4 -->
  <testcase classname="org.sample.RerunSample" name="tc4" time="0.011">
    <skipped/>
  </testcase> <!-- tc4 -->
  <testcase classname="org.sample.RerunSample" name="tc4" time="0.012">
    <skipped/>
  </testcase> <!-- tc4 -->
  <testcase classname="org.sample.RerunSample" name="tc4" time="0.009">
    <skipped/>
  </testcase> <!-- tc4 -->
  <testcase classname="org.sample.RerunSample" name="tc4" time="0.014">
    <skipped/>
  </testcase> <!-- tc4 -->
  <testcase classname="org.sample.RerunSample" name="tc4" time="0.010">
    <skipped/>
  </testcase> <!-- tc4 -->
  <testcase classname="org.sample.RerunSample" name="tc4" time="0.018">
    <skipped/>
  </testcase> <!-- tc4 -->
  <testcase classname="org.sample.RerunSample" name="tc4" time="0.010">
    <skipped/>
  </testcase> <!-- tc4 -->
  <testcase classname="org.sample.RerunSample" name="tc4" time="0.013">
    <skipped/>
  </testcase> <!-- tc4 -->
  <testcase classname="org.sample.RerunSample" name="tc4" time="0.009">
    <skipped/>
  </testcase> <!-- tc4 -->
  <testcase classname="org.sample.RerunSample" name="tc4" time="0.009">
    <skipped/>
  </testcase> <!-- tc4 -->
  <testcase classname="org.sample.RerunSample" name="tc4" time="0.011">
    <skipped/>
  </testcase> <!-- tc4 -->
  <testcase classname="org.sample.RerunSample" name="tc4" time="0.009">
    <skipped/>
  </testcase> <!-- tc4 -->
  <testcase classname="org.sample.RerunSample" name="tc4" time="0.014">
    <skipped/>
  </testcase> <!-- tc4 -->
  <testcase classname="org.sample.RerunSample" name="tc4" time="0.015">
    <skipped/>
  </testcase> <!-- tc4 -->
  <testcase classname="org.sample.RerunSample" name="tc4" time="0.010">
    <skipped/>
  </testcase> <!-- tc4 -->
  <testcase classname="org.sample.RerunSample" name="tc4" time="0.010">
    <skipped/>
  </testcase> <!-- tc4 -->
  <testcase classname="org.sample.RerunSample" name="tc4" time="0.008">
    <skipped/>
  </testcase> <!-- tc4 -->
  <testcase classname="org.sample.RerunSample" name="tc4" time="0.010">
    <skipped/>
  </testcase> <!-- tc4 -->
  <testcase classname="org.sample.RerunSample" name="tc4" time="0.011">
    <skipped/>
  </testcase> <!-- tc4 -->
  <testcase classname="org.sample.RerunSample" name="tc4" time="0.009">
    <skipped/>
  </testcase> <!-- tc4 -->
  <testcase classname="org.sample.RerunSample" name="tc4" time="0.009">
    <skipped/>
  </testcase> <!-- tc4 -->
  <testcase classname="org.sample.RerunSample" name="tc4" time="0.009">
    <skipped/>
  </testcase> <!-- tc4 -->
  <testcase classname="org.sample.RerunSample" name="tc4" time="0.012">
    <skipped/>
  </testcase> <!-- tc4 -->
  <testcase classname="org.sample.RerunSample" name="tc4" time="0.010">
    <skipped/>
  </testcase> <!-- tc4 -->
  <testcase classname="org.sample.RerunSample" name="tc4" time="0.027">
    <skipped/>
  </testcase> <!-- tc4 -->
  <testcase classname="org.sample.RerunSample" name="tc4" time="0.009">
    <skipped/>
  </testcase> <!-- tc4 -->
  <testcase classname="org.sample.RerunSample" name="tc4" time="0.010">
    <skipped/>
  </testcase> <!-- tc4 -->
  <testcase classname="org.sample.RerunSample" name="tc4" time="0.010">
    <skipped/>
  </testcase> <!-- tc4 -->
  <testcase classname="org.sample.RerunSample" name="tc4" time="0.011">
    <skipped/>
  </testcase> <!-- tc4 -->
  <testcase classname="org.sample.RerunSample" name="tc4" time="0.009">
    <skipped/>
  </testcase> <!-- tc4 -->
  <testcase classname="org.sample.RerunSample" name="tc4" time="0.010">
    <skipped/>
  </testcase> <!-- tc4 -->
  <testcase classname="org.sample.RerunSample" name="tc4" time="0.011">
    <skipped/>
  </testcase> <!-- tc4 -->
  <testcase classname="org.sample.RerunSample" name="tc4" time="0.012">
    <skipped/>
  </testcase> <!-- tc4 -->
  <testcase classname="org.sample.RerunSample" name="tc4" time="0.010">
    <skipped/>
  </testcase> <!-- tc4 -->
  <testcase classname="org.sample.RerunSample" name="tc4" time="0.011">
    <skipped/>
  </testcase> <!-- tc4 -->
  <testcase classname="org.sample.RerunSample" name="tc4" time="0.010">
    <skipped/>
  </testcase> <!-- tc4 -->
  <testcase classname="org.sample.RerunSample" name="tc4" time="0.010">
    <skipped/>
  </testcase> <!-- tc4 -->
  <testcase classname="org.sample.RerunSample" name="tc4" time="0.009">
    <skipped/>
  </testcase> <!-- tc4 -->
  <testcase classname="org.sample.RerunSample" name="tc4" time="0.009">
    <skipped/>
  </testcase> <!-- tc4 -->
  <testcase classname="org.sample.RerunSample" name="tc4" time="0.009">
    <skipped/>
  </testcase> <!-- tc4 -->
  <testcase classname="org.sample.RerunSample" name="tc4" time="0.009">
    <skipped/>
  </testcase> <!-- tc4 -->
  <testcase classname="org.sample.RerunSample" name="tc4" time="0.011">
    <skipped/>
  </testcase> <!-- tc4 -->
  <testcase classname="org.sample.RerunSample" name="tc4" time="0.009">
    <skipped/>
  </testcase> <!-- tc4 -->
  <testcase classname="org.sample.RerunSample" name="tc4" time="0.009">
    <skipped/>
  </testcase> <!-- tc4 -->
  <testcase classname="org.sample.RerunSample" name="tc4" time="0.011">
    <skipped/>
  </testcase> <!-- tc4 -->
  <testcase classname="org.sample.RerunSample" name="tc4" time="0.010">
    <skipped/>
  </testcase> <!-- tc4 -->
  <testcase classname="org.sample.RerunSample" name="tc4" time="0.010">
    <skipped/>
  </testcase> <!-- tc4 -->
  <testcase classname="org.sample.RerunSample" name="tc4" time="0.011">
    <skipped/>
  </testcase> <!-- tc4 -->
  <testcase classname="org.sample.RerunSample" name="tc4" time="0.010">
    <skipped/>
  </testcase> <!-- tc4 -->
  <testcase classname="org.sample.RerunSample" name="tc4" time="0.009">
    <skipped/>
  </testcase> <!-- tc4 -->
  <testcase classname="org.sample.RerunSample" name="tc4" time="0.009">
    <skipped/>
  </testcase> <!-- tc4 -->
  <testcase classname="org.sample.RerunSample" name="tc4" time="0.011">
    <skipped/>
  </testcase> <!-- tc4 -->
  <testcase classname="org.sample.RerunSample" name="tc4" time="0.010">
    <skipped/>
  </testcase> <!-- tc4 -->
  <testcase classname="org.sample.RerunSample" name="tc4" time="0.008">
    <skipped/>
  </testcase> <!-- tc4 -->
  <testcase classname="org.sample.RerunSample" name="tc4" time="0.010">
    <skipped/>
  </testcase> <!-- tc4 -->
  <testcase classname="org.sample.RerunSample" name="tc4" time="0.008">
    <skipped/>
  </testcase> <!-- tc4 -->
  <testcase classname="org.sample.RerunSample" name="tc4" time="0.009">
    <skipped/>
  </testcase> <!-- tc4 -->
  <testcase classname="org.sample.RerunSample" name="tc4" time="0.009">
    <skipped/>
  </testcase> <!-- tc4 -->
  <testcase classname="org.sample.RerunSample" name="tc4" time="0.009">
    <skipped/>
  </testcase> <!-- tc4 -->
  <testcase classname="org.sample.RerunSample" name="tc4" time="0.009">
    <skipped/>
  </testcase> <!-- tc4 -->
  <testcase classname="org.sample.RerunSample" name="tc4" time="0.010">
    <skipped/>
  </testcase> <!-- tc4 -->
  <testcase classname="org.sample.RerunSample" name="tc4" time="0.009">
    <skipped/>
  </testcase> <!-- tc4 -->
  <testcase classname="org.sample.RerunSample" name="tc4" time="0.011">
    <skipped/>
  </testcase> <!-- tc4 -->
  <testcase classname="org.sample.RerunSample" name="tc4" time="0.010">
    <skipped/>
  </testcase> <!-- tc4 -->
  <testcase classname="org.sample.RerunSample" name="tc4" time="0.009">
    <skipped/>
  </testcase> <!-- tc4 -->
  <testcase classname="org.sample.RerunSample" name="tc4" time="0.009">
    <skipped/>
  </testcase> <!-- tc4 -->
  <testcase classname="org.sample.RerunSample" name="tc4" time="0.008">
    <skipped/>
  </testcase> <!-- tc4 -->
  <testcase classname="org.sample.RerunSample" name="tc4" time="0.010">
    <skipped/>
  </testcase> <!-- tc4 -->
  <testcase classname="org.sample.RerunSample" name="tc4" time="0.010">
    <skipped/>
  </testcase> <!-- tc4 -->
  <testcase classname="org.sample.RerunSample" name="tc4" time="0.009">
    <skipped/>
  </testcase> <!-- tc4 -->
  <testcase classname="org.sample.RerunSample" name="tc4" time="0.009">
    <skipped/>
  </testcase> <!-- tc4 -->
  <testcase classname="org.sample.RerunSample" name="tc4" time="0.009">
    <skipped/>
  </testcase> <!-- tc4 -->
  <testcase classname="org.sample.RerunSample" name="tc4" time="0.009">
    <skipped/>
  </testcase> <!-- tc4 -->
  <testcase classname="org.sample.RerunSample" name="tc4" time="0.012">
    <skipped/>
  </testcase> <!-- tc4 -->
  <testcase classname="org.sample.RerunSample" name="tc4" time="0.009">
    <skipped/>
  </testcase> <!-- tc4 -->
  <testcase classname="org.sample.RerunSample" name="tc4" time="0.009">
    <skipped/>
  </testcase> <!-- tc4 -->
  <testcase classname="org.sample.RerunSample" name="tc4" time="0.010">
    <skipped/>
  </testcase> <!-- tc4 -->
  <testcase classname="org.sample.RerunSample" name="tc4" time="0.009">
    <skipped/>
  </testcase> <!-- tc4 -->
  <testcase classname="org.sample.RerunSample" name="tc4" time="0.008">
    <skipped/>
  </testcase> <!-- tc4 -->
  <testcase classname="org.sample.RerunSample" name="tc4" time="0.009">
    <skipped/>
  </testcase> <!-- tc4 -->
  <testcase classname="org.sample.RerunSample" name="tc4" time="0.014">
    <skipped/>
  </testcase> <!-- tc4 -->
  <testcase classname="org.sample.RerunSample" name="tc4" time="0.009">
    <skipped/>
  </testcase> <!-- tc4 -->
  <testcase classname="org.sample.RerunSample" name="tc4" time="0.010">
    <skipped/>
  </testcase> <!-- tc4 -->
  <testcase classname="org.sample.RerunSample" name="tc4" time="0.008">
    <skipped/>
  </testcase> <!-- tc4 -->
  <testcase classname="org.sample.RerunSample" name="tc4" time="0.015">
    <skipped/>
  </testcase> <!-- tc4 -->
  <testcase classname="org.sample.RerunSample" name="tc4" time="0.009">
    <skipped/>
  </testcase> <!-- tc4 -->
  <testcase classname="org.sample.RerunSample" name="tc4" time="0.009">
    <skipped/>
  </testcase> <!-- tc4 -->
  <testcase classname="org.sample.RerunSample" name="tc4" time="0.009">
    <skipped/>
  </testcase> <!-- tc4 -->
  <testcase classname="org.sample.RerunSample" name="tc4" time="0.009">
    <skipped/>
  </testcase> <!-- tc4 -->
  <testcase classname="org.sample.RerunSample" name="tc4" time="0.008">
    <skipped/>
  </testcase> <!-- tc4 -->
  <testcase classname="org.sample.RerunSample" name="tc4" time="0.009">
    <skipped/>
  </testcase> <!-- tc4 -->
  <testcase classname="org.sample.RerunSample" name="tc4" time="0.009">
    <skipped/>
  </testcase> <!-- tc4 -->
  <testcase classname="org.sample.RerunSample" name="tc4" time="0.009">
    <skipped/>
  </testcase> <!-- tc4 -->
  <testcase classname="org.sample.RerunSample" name="tc4" time="0.018">
    <skipped/>
  </testcase> <!-- tc4 -->
  <testcase classname="org.sample.RerunSample" name="tc4" time="0.014">
    <skipped/>
  </testcase> <!-- tc4 -->
  <testcase classname="org.sample.RerunSample" name="tc4" time="0.009">
    <skipped/>
  </testcase> <!-- tc4 -->
  <testcase classname="org.sample.RerunSample" name="tc4" time="0.009">
    <skipped/>
  </testcase> <!-- tc4 -->
  <testcase classname="org.sample.RerunSample" name="tc4" time="0.012">
    <skipped/>
  </testcase> <!-- tc4 -->
  <testcase classname="org.sample.RerunSample" name="tc4" time="0.009">
    <skipped/>
  </testcase> <!-- tc4 -->
  <testcase classname="org.sample.RerunSample" name="tc4" time="0.010">
    <skipped/>
  </testcase> <!-- tc4 -->
  <testcase classname="org.sample.RerunSample" name="tc4" time="0.009">
    <skipped/>
  </testcase> <!-- tc4 -->
  <testcase classname="org.sample.RerunSample" name="tc4" time="0.008">
    <skipped/>
  </testcase> <!-- tc4 -->
  <testcase classname="org.sample.RerunSample" name="tc4" time="0.011">
    <skipped/>
  </testcase> <!-- tc4 -->
  <testcase classname="org.sample.RerunSample" name="tc4" time="0.009">
    <skipped/>
  </testcase> <!-- tc4 -->
  <testcase classname="org.sample.RerunSample" name="tc4" time="0.009">
    <skipped/>
  </testcase> <!-- tc4 -->
  <testcase classname="org.sample.RerunSample" name="tc4" time="0.010">
    <skipped/>
  </testcase> <!-- tc4 -->
  <testcase classname="org.sample.RerunSample" name="tc4" time="0.011">
    <skipped/>
  </testcase> <!-- tc4 -->
  <testcase classname="org.sample.RerunSample" name="tc4" time="0.010">
    <skipped/>
  </testcase> <!-- tc4 -->
  <testcase classname="org.sample.RerunSample" name="tc4" time="0.009">
    <skipped/>
  </testcase> <!-- tc4 -->
  <testcase classname="org.sample.RerunSample" name="tc4" time="0.011">
    <skipped/>
  </testcase> <!-- tc4 -->
  <testcase classname="org.sample.RerunSample" name="tc4" time="0.011">
    <skipped/>
  </testcase> <!-- tc4 -->
  <testcase classname="org.sample.RerunSample" name="tc4" time="0.010">
    <skipped/>
  </testcase> <!-- tc4 -->
  <testcase classname="org.sample.RerunSample" name="tc4" time="0.011">
    <skipped/>
  </testcase> <!-- tc4 -->
  <testcase classname="org.sample.RerunSample" name="tc4" time="0.008">
    <skipped/>
  </testcase> <!-- tc4 -->
  <testcase classname="org.sample.RerunSample" name="tc4" time="0.010">
    <skipped/>
  </testcase> <!-- tc4 -->
  <testcase classname="org.sample.RerunSample" name="tc4" time="0.013">
    <skipped/>
  </testcase> <!-- tc4 -->
  <testcase classname="org.sample.RerunSample" name="tc4" time="0.009">
    <skipped/>
  </testcase> <!-- tc4 -->
  <testcase classname="org.sample.RerunSample" name="tc4" time="0.010">
    <skipped/>
  </testcase> <!-- tc4 -->
  <testcase classname="org.sample.RerunSample" name="tc4" time="0.009">
    <skipped/>
  </testcase> <!-- tc4 -->
  <testcase classname="org.sample.RerunSample" name="tc4" time="0.011">
    <skipped/>
  </testcase> <!-- tc4 -->
  <testcase classname="org.sample.RerunSample" name="tc4" time="0.012">
    <skipped/>
  </testcase> <!-- tc4 -->
  <testcase classname="org.sample.RerunSample" name="tc4" time="0.009">
    <skipped/>
  </testcase> <!-- tc4 -->
  <testcase classname="org.sample.RerunSample" name="tc4" time="0.009">
    <skipped/>
  </testcase> <!-- tc4 -->
  <testcase classname="org.sample.RerunSample" name="tc4" time="0.009">
    <skipped/>
  </testcase> <!-- tc4 -->
  <testcase classname="org.sample.RerunSample" name="tc4" time="0.010">
    <skipped/>
  </testcase> <!-- tc4 -->
  <testcase classname="org.sample.RerunSample" name="tc4" time="0.008">
    <skipped/>
  </testcase> <!-- tc4 -->
  <testcase classname="org.sample.RerunSample" name="tc4" time="0.010">
    <skipped/>
  </testcase> <!-- tc4 -->
  <testcase classname="org.sample.RerunSample" name="tc4" time="0.009">
    <skipped/>
  </testcase> <!-- tc4 -->
  <testcase classname="org.sample.RerunSample" name="tc4" time="0.011">
    <skipped/>
  </testcase> <!-- tc4 -->
  <testcase classname="org.sample.RerunSample" name="tc4" time="0.009">
    <skipped/>
  </testcase> <!-- tc4 -->
  <testcase classname="org.sample.RerunSample" name="tc4" time="0.010">
    <skipped/>
  </testcase> <!-- tc4 -->
  <testcase classname="org.sample.RerunSample" name="tc4" time="0.009">
    <skipped/>
  </testcase> <!-- tc4 -->
  <testcase classname="org.sample.RerunSample" name="tc4" time="0.009">
    <skipped/>
  </testcase> <!-- tc4 -->
  <testcase classname="org.sample.RerunSample" name="tc4" time="0.009">
    <skipped/>
  </testcase> <!-- tc4 -->
  <testcase classname="org.sample.RerunSample" name="tc4" time="0.009">
    <skipped/>
  </testcase> <!-- tc4 -->
  <testcase classname="org.sample.RerunSample" name="tc4" time="0.010">
    <skipped/>
  </testcase> <!-- tc4 -->
  <testcase classname="org.sample.RerunSample" name="tc4" time="0.010">
    <skipped/>
  </testcase> <!-- tc4 -->
  <testcase classname="org.sample.RerunSample" name="tc4" time="0.011">
    <skipped/>
  </testcase> <!-- tc4 -->
  <testcase classname="org.sample.RerunSample" name="tc4" time="0.012">
    <skipped/>
  </testcase> <!-- tc4 -->
  <testcase classname="org.sample.RerunSample" name="tc4" time="0.010">
    <skipped/>
  </testcase> <!-- tc4 -->
  <testcase classname="org.sample.RerunSample" name="tc4" time="0.010">
    <skipped/>
  </testcase> <!-- tc4 -->
  <testcase classname="org.sample.RerunSample" name="tc4" time="0.010">
    <skipped/>
  </testcase> <!-- tc4 -->
  <testcase classname="org.sample.RerunSample" name="tc4" time="0.009">
    <skipped/>
  </testcase> <!-- tc4 -->
  <testcase classname="org.sample.RerunSample" name="tc4" time="0.009">
    <skipped/>
  </testcase> <!-- tc4 -->
  <testcase classname="org.sample.RerunSample" name="tc4" time="0.010">
    <skipped/>
  </testcase> <!-- tc4 -->
  <testcase classname="org.sample.RerunSample" name="tc4" time="0.010">
    <skipped/>
  </testcase> <!-- tc4 -->
  <testcase classname="org.sample.RerunSample" name="tc4" time="0.009">
    <skipped/>
  </testcase> <!-- tc4 -->
  <testcase classname="org.sample.RerunSample" name="tc4" time="0.009">
    <skipped/>
  </testcase> <!-- tc4 -->
  <testcase classname="org.sample.RerunSample" name="tc4" time="0.008">
    <skipped/>
  </testcase> <!-- tc4 -->
  <testcase classname="org.sample.RerunSample" name="tc4" time="0.010">
    <skipped/>
  </testcase> <!-- tc4 -->
  <testcase classname="org.sample.RerunSample" name="tc4" time="0.008">
    <skipped/>
  </testcase> <!-- tc4 -->
  <testcase classname="org.sample.RerunSample" name="tc4" time="0.012">
    <skipped/>
  </testcase> <!-- tc4 -->
  <testcase classname="org.sample.RerunSample" name="tc4" time="0.009">
    <skipped/>
  </testcase> <!-- tc4 -->
  <testcase classname="org.sample.RerunSample" name="tc4" time="0.008">
    <skipped/>
  </testcase> <!-- tc4 -->
  <testcase classname="org.sample.RerunSample" name="tc4" time="0.008">
    <skipped/>
  </testcase> <!-- tc4 -->
  <testcase classname="org.sample.RerunSample" name="tc4" time="0.009">
    <skipped/>
  </testcase> <!-- tc4 -->
  <testcase classname="org.sample.RerunSample" name="tc4" time="0.009">
    <skipped/>
  </testcase> <!-- tc4 -->
  <testcase classname="org.sample.RerunSample" name="tc4" time="0.008">
    <skipped/>
  </testcase> <!-- tc4 -->
  <testcase classname="org.sample.RerunSample" name="tc4" time="0.012">
    <skipped/>
  </testcase> <!-- tc4 -->
  <testcase classname="org.sample.RerunSample" name="tc4" time="0.009">
    <skipped/>
  </testcase> <!-- tc4 -->
  <testcase classname="org.sample.RerunSample" name="tc4" time="0.010">
    <skipped/>
  </testcase> <!-- tc4 -->
  <testcase classname="org.sample.RerunSample" name="tc4" time="0.011">
    <skipped/>
  </testcase> <!-- tc4 -->
  <testcase classname="org.sample.RerunSample" name="tc4" time="0.009">
    <skipped/>
  </testcase> <!-- tc4 -->
  <testcase classname="org.sample.RerunSample" name="tc4" time="0.009">
    <skipped/>
  </testcase> <!-- tc4 -->
  <testcase classname="org.sample.RerunSample" name="tc4" time="0.008">
    <skipped/>
  </testcase> <!-- tc4 -->
  <testcase classname="org.sample.RerunSample" name="tc4" time="0.010">
    <skipped/>
  </testcase> <!-- tc4 -->
  <testcase classname="org.sample.RerunSample" name="tc4" time="0.009">
    <skipped/>
  </testcase> <!-- tc4 -->
  <testcase classname="org.sample.RerunSample" name="tc4" time="0.009">
    <skipped/>
  </testcase> <!-- tc4 -->
  <testcase classname="org.sample.RerunSample" name="tc4" time="0.008">
    <skipped/>
  </testcase> <!-- tc4 -->
  <testcase classname="org.sample.RerunSample" name="tc4" time="0.011">
    <skipped/>
  </testcase> <!-- tc4 -->
  <testcase classname="org.sample.RerunSample" name="tc4" time="0.009">
    <skipped/>
  </testcase> <!-- tc4 -->
  <testcase classname="org.sample.RerunSample" name="tc4" time="0.009">
    <skipped/>
  </testcase> <!-- tc4 -->
  <testcase classname="org.sample.RerunSample" name="tc4" time="0.009">
    <skipped/>
  </testcase> <!-- tc4 -->
  <testcase classname="org.sample.RerunSample" name="tc0" time="7.371"/>
  <testcase classname="org.sample.RerunSample" name="tc4" time="0.009">
    <skipped/>
  </testcase> <!-- tc4 -->
  <testcase classname="org.sample.RerunSample" name="tc4" time="0.010">
    <skipped/>
  </testcase> <!-- tc4 -->
  <testcase classname="org.sample.RerunSample" name="tc4" time="0.010">
    <skipped/>
  </testcase> <!-- tc4 -->
  <testcase classname="org.sample.RerunSample" name="tc4" time="0.008">
    <skipped/>
  </testcase> <!-- tc4 -->
  <testcase classname="org.sample.RerunSample" name="tc4" time="0.009">
    <skipped/>
  </testcase> <!-- tc4 -->
  <testcase classname="org.sample.RerunSample" name="tc4" time="0.011">
    <skipped/>
  </testcase> <!-- tc4 -->
  <testcase classname="org.sample.RerunSample" name="tc4" time="0.009">
    <skipped/>
  </testcase> <!-- tc4 -->
  <testcase classname="org.sample.RerunSample" name="tc4" time="0.008">
    <skipped/>
  </testcase> <!-- tc4 -->
  <testcase classname="org.sample.RerunSample" name="tc4" time="0.008">
    <skipped/>
  </testcase> <!-- tc4 -->
  <testcase classname="org.sample.RerunSample" name="tc4" time="0.009">
    <skipped/>
  </testcase> <!-- tc4 -->
  <testcase classname="org.sample.RerunSample" name="tc4" time="2.158"/>
  <testcase classname="org.sample.RerunSample" name="tc4" time="0.009">
    <skipped/>
  </testcase> <!-- tc4 -->
  <testcase classname="org.sample.RerunSample" name="tc4" time="0.009">
    <skipped/>
  </testcase> <!-- tc4 -->
  <testcase classname="org.sample.RerunSample" name="tc4" time="0.008">
    <skipped/>
  </testcase> <!-- tc4 -->
  <testcase classname="org.sample.RerunSample" name="tc4" time="0.009">
    <skipped/>
  </testcase> <!-- tc4 -->
  <testcase classname="org.sample.RerunSample" name="tc4" time="0.008">
    <skipped/>
  </testcase> <!-- tc4 -->
  <testcase classname="org.sample.RerunSample" name="tc4" time="0.011">
    <skipped/>
  </testcase> <!-- tc4 -->
  <testcase classname="org.sample.RerunSample" name="tc4" time="0.009">
    <skipped/>
  </testcase> <!-- tc4 -->
  <testcase classname="org.sample.RerunSample" name="tc4" time="0.009">
    <skipped/>
  </testcase> <!-- tc4 -->
  <testcase classname="org.sample.RerunSample" name="tc4" time="0.008">
    <skipped/>
  </testcase> <!-- tc4 -->
  <testcase classname="org.sample.RerunSample" name="tc4" time="0.011">
    <skipped/>
  </testcase> <!-- tc4 -->
  <testcase classname="org.sample.RerunSample" name="tc4" time="0.010">
    <skipped/>
  </testcase> <!-- tc4 -->
  <testcase classname="org.sample.RerunSample" name="tc4" time="0.010">
    <skipped/>
  </testcase> <!-- tc4 -->
  <testcase classname="org.sample.RerunSample" name="tc4" time="0.009">
    <skipped/>
  </testcase> <!-- tc4 -->
  <testcase classname="org.sample.RerunSample" name="tc4" time="0.009">
    <skipped/>
  </testcase> <!-- tc4 -->
  <testcase classname="org.sample.RerunSample" name="tc4" time="0.010">
    <skipped/>
  </testcase> <!-- tc4 -->
  <testcase classname="org.sample.RerunSample" name="tc4" time="0.009">
    <skipped/>
  </testcase> <!-- tc4 -->
  <testcase classname="org.sample.RerunSample" name="tc4" time="0.009">
    <skipped/>
  </testcase> <!-- tc4 -->
  <testcase classname="org.sample.RerunSample" name="tc4" time="0.011">
    <skipped/>
  </testcase> <!-- tc4 -->
  <testcase classname="org.sample.RerunSample" name="tc4" time="0.008">
    <skipped/>
  </testcase> <!-- tc4 -->
  <testcase classname="org.sample.RerunSample" name="tc4" time="0.013">
    <skipped/>
  </testcase> <!-- tc4 -->
  <testcase classname="org.sample.RerunSample" name="tc4" time="0.009">
    <skipped/>
  </testcase> <!-- tc4 -->
  <testcase classname="org.sample.RerunSample" name="tc4" time="0.009">
    <skipped/>
  </testcase> <!-- tc4 -->
  <testcase classname="org.sample.RerunSample" name="tc4" time="0.009">
    <skipped/>
  </testcase> <!-- tc4 -->
  <testcase classname="org.sample.RerunSample" name="tc4" time="0.013">
    <skipped/>
  </testcase> <!-- tc4 -->
  <testcase classname="org.sample.RerunSample" name="tc4" time="0.011">
    <skipped/>
  </testcase> <!-- tc4 -->
  <testcase classname="org.sample.RerunSample" name="tc4" time="0.009">
    <skipped/>
  </testcase> <!-- tc4 -->
  <testcase classname="org.sample.RerunSample" name="tc4" time="0.008">
    <skipped/>
  </testcase> <!-- tc4 -->
  <testcase classname="org.sample.RerunSample" name="tc4" time="0.009">
    <skipped/>
  </testcase> <!-- tc4 -->
  <testcase classname="org.sample.RerunSample" name="tc4" time="0.009">
    <skipped/>
  </testcase> <!-- tc4 -->
  <testcase classname="org.sample.RerunSample" name="tc4" time="0.009">
    <skipped/>
  </testcase> <!-- tc4 -->
  <testcase classname="org.sample.RerunSample" name="tc4" time="0.009">
    <skipped/>
  </testcase> <!-- tc4 -->
  <testcase classname="org.sample.RerunSample" name="tc4" time="0.009">
    <skipped/>
  </testcase> <!-- tc4 -->
  <testcase classname="org.sample.RerunSample" name="tc4" time="0.008">
    <skipped/>
  </testcase> <!-- tc4 -->
  <testcase classname="org.sample.RerunSample" name="tc4" time="0.009">
    <skipped/>
  </testcase> <!-- tc4 -->
  <testcase classname="org.sample.RerunSample" name="tc4" time="0.013">
    <skipped/>
  </testcase> <!-- tc4 -->
  <testcase classname="org.sample.RerunSample" name="tc4" time="0.015">
    <skipped/>
  </testcase> <!-- tc4 -->
</testsuite> <!-- org.sample.RerunSample -->
