<?xml version="1.0" encoding="UTF-8"?>
<!-- Generated by org.testng.reporters.JUnitReportReporter -->
<testsuite hostname="Vanithaa" failures="0" tests="5" name="org.sample.Sample" time="22.101" errors="0" timestamp="07 Apr 2021 10:58:48 GMT" skipped="0">
  <testcase classname="org.sample.Sample" name="hotelBooking" time="5.703"/>
  <testcase classname="org.sample.Sample" name="hotelSearch" time="2.686"/>
  <testcase classname="org.sample.Sample" name="selectHotel" time="1.307"/>
  <testcase classname="org.sample.Sample" name="detailsPage" time="11.416"/>
  <testcase classname="org.sample.Sample" name="bookingConfirm" time="0.989"/>
</testsuite> <!-- org.sample.Sample -->
