<?xml version="1.0" encoding="UTF-8"?>
<!-- Generated by org.testng.reporters.JUnitReportReporter -->
<testsuite hostname="Vanithaa" failures="0" tests="2" name="org.sample.GroupsPractice" time="0.911" errors="0" timestamp="10 Apr 2021 06:48:35 GMT" skipped="0">
  <testcase classname="org.sample.GroupsPractice" name="tc3" time="0.302"/>
  <testcase classname="org.sample.GroupsPractice" name="tc2" time="0.609"/>
</testsuite> <!-- org.sample.GroupsPractice -->
