<?xml version="1.0" encoding="UTF-8"?>
<!-- Generated by org.testng.reporters.JUnitReportReporter -->
<testsuite hostname="Vanithaa" failures="0" tests="5" name="org.sample.AdactinAutomation" time="20.421" errors="0" timestamp="11 Apr 2021 08:52:46 GMT" skipped="0">
  <testcase classname="org.sample.AdactinAutomation" name="hotelBooking" time="3.842"/>
  <testcase classname="org.sample.AdactinAutomation" name="hotelSearch" time="2.525"/>
  <testcase classname="org.sample.AdactinAutomation" name="selectHotel" time="1.468"/>
  <testcase classname="org.sample.AdactinAutomation" name="detailsPage" time="11.495"/>
  <testcase classname="org.sample.AdactinAutomation" name="bookingConfirm" time="1.091"/>
</testsuite> <!-- org.sample.AdactinAutomation -->
