<?xml version="1.0" encoding="UTF-8"?>
<!-- Generated by org.testng.reporters.JUnitReportReporter -->
<testsuite hostname="Vanithaa" failures="0" tests="5" name="org.auto.sample.BlazeDemoAutomation" time="20.911" errors="0" timestamp="11 Apr 2021 12:27:46 GMT" skipped="0">
  <testcase classname="org.auto.sample.BlazeDemoAutomation" name="tc4" time="0.887"/>
  <testcase classname="org.auto.sample.BlazeDemoAutomation" name="tc0" time="3.793"/>
  <testcase classname="org.auto.sample.BlazeDemoAutomation" name="tc1" time="4.143"/>
  <testcase classname="org.auto.sample.BlazeDemoAutomation" name="tc3" time="10.787"/>
  <testcase classname="org.auto.sample.BlazeDemoAutomation" name="tc2" time="1.301"/>
</testsuite> <!-- org.auto.sample.BlazeDemoAutomation -->
