<?xml version="1.0" encoding="UTF-8"?>
<!-- Generated by org.testng.reporters.JUnitReportReporter -->
<testsuite hostname="Vanithaa" failures="0" tests="5" name="org.sample.AssertPractice" time="17.737" errors="0" timestamp="08 Apr 2021 06:14:37 GMT" skipped="0">
  <testcase classname="org.sample.AssertPractice" name="loginPage" time="0.824"/>
  <testcase classname="org.sample.AssertPractice" name="hotelBooking" time="4.244"/>
  <testcase classname="org.sample.AssertPractice" name="selectHotel" time="1.591"/>
  <testcase classname="org.sample.AssertPractice" name="detailsPage" time="4.807"/>
  <testcase classname="org.sample.AssertPractice" name="bookingConfirmation" time="6.271"/>
</testsuite> <!-- org.sample.AssertPractice -->
